
*** Running vivado
    with args -log top.vds -m64 -product Vivado -mode batch -messageDb vivado.pb -notrace -source top.tcl



****** Vivado v2021.1 (64-bit)
  **** SW Build 3247384 on Thu Jun 10 19:36:33 MDT 2021
  **** IP Build 3246043 on Fri Jun 11 00:30:35 MDT 2021
    ** Copyright 1986-2021 Xilinx, Inc. All Rights Reserved.

source top.tcl -notrace
Command: synth_design -top top -part xc7a100tcsg324-1
Starting synth_design
Attempting to get a license for feature 'Synthesis' and/or device 'xc7a100t'
INFO: [Common 17-349] Got license for feature 'Synthesis' and/or device 'xc7a100t'
INFO: [Device 21-403] Loading part xc7a100tcsg324-1
INFO: [Synth 8-7079] Multithreading enabled for synth_design using a maximum of 2 processes.
INFO: [Synth 8-7078] Launching helper process for spawning children vivado processes
INFO: [Synth 8-7075] Helper process launched with PID 5468
---------------------------------------------------------------------------------
Starting RTL Elaboration : Time (s): cpu = 00:00:05 ; elapsed = 00:00:06 . Memory (MB): peak = 1206.254 ; gain = 0.000
---------------------------------------------------------------------------------
INFO: [Synth 8-638] synthesizing module 'top' [C:/Users/sed/Desktop/Trabajo-VHDL/maquina3/maquina3.srcs/sources_1/new/top.vhd:46]
INFO: [Synth 8-3491] module 'antirebotes' declared at 'C:/Users/sed/Desktop/Trabajo-VHDL/maquina3/maquina3.srcs/sources_1/new/Antirebotes.vhd:4' bound to instance 'antirrebotes_c' of component 'antirebotes' [C:/Users/sed/Desktop/Trabajo-VHDL/maquina3/maquina3.srcs/sources_1/new/top.vhd:145]
INFO: [Synth 8-638] synthesizing module 'antirebotes' [C:/Users/sed/Desktop/Trabajo-VHDL/maquina3/maquina3.srcs/sources_1/new/Antirebotes.vhd:25]
INFO: [Synth 8-3491] module 'SYNCHRNZR' declared at 'C:/Users/sed/Desktop/Trabajo-VHDL/maquina3/maquina3.srcs/sources_1/new/sincronizador.vhd:4' bound to instance 'snc_reset' of component 'SYNCHRNZR' [C:/Users/sed/Desktop/Trabajo-VHDL/maquina3/maquina3.srcs/sources_1/new/Antirebotes.vhd:43]
INFO: [Synth 8-638] synthesizing module 'SYNCHRNZR' [C:/Users/sed/Desktop/Trabajo-VHDL/maquina3/maquina3.srcs/sources_1/new/sincronizador.vhd:12]
INFO: [Synth 8-256] done synthesizing module 'SYNCHRNZR' (1#1) [C:/Users/sed/Desktop/Trabajo-VHDL/maquina3/maquina3.srcs/sources_1/new/sincronizador.vhd:12]
INFO: [Synth 8-3491] module 'EDGEDTCTR' declared at 'C:/Users/sed/Desktop/Trabajo-VHDL/maquina3/maquina3.srcs/sources_1/new/edgeDetecteor.vhd:4' bound to instance 'edge_reset' of component 'EDGEDTCTR' [C:/Users/sed/Desktop/Trabajo-VHDL/maquina3/maquina3.srcs/sources_1/new/Antirebotes.vhd:44]
INFO: [Synth 8-638] synthesizing module 'EDGEDTCTR' [C:/Users/sed/Desktop/Trabajo-VHDL/maquina3/maquina3.srcs/sources_1/new/edgeDetecteor.vhd:12]
INFO: [Synth 8-256] done synthesizing module 'EDGEDTCTR' (2#1) [C:/Users/sed/Desktop/Trabajo-VHDL/maquina3/maquina3.srcs/sources_1/new/edgeDetecteor.vhd:12]
INFO: [Synth 8-3491] module 'SYNCHRNZR' declared at 'C:/Users/sed/Desktop/Trabajo-VHDL/maquina3/maquina3.srcs/sources_1/new/sincronizador.vhd:4' bound to instance 'snc_btn_cen' of component 'SYNCHRNZR' [C:/Users/sed/Desktop/Trabajo-VHDL/maquina3/maquina3.srcs/sources_1/new/Antirebotes.vhd:46]
INFO: [Synth 8-3491] module 'EDGEDTCTR' declared at 'C:/Users/sed/Desktop/Trabajo-VHDL/maquina3/maquina3.srcs/sources_1/new/edgeDetecteor.vhd:4' bound to instance 'edge_btc_cen' of component 'EDGEDTCTR' [C:/Users/sed/Desktop/Trabajo-VHDL/maquina3/maquina3.srcs/sources_1/new/Antirebotes.vhd:47]
INFO: [Synth 8-3491] module 'SYNCHRNZR' declared at 'C:/Users/sed/Desktop/Trabajo-VHDL/maquina3/maquina3.srcs/sources_1/new/sincronizador.vhd:4' bound to instance 'snc_m10c' of component 'SYNCHRNZR' [C:/Users/sed/Desktop/Trabajo-VHDL/maquina3/maquina3.srcs/sources_1/new/Antirebotes.vhd:49]
INFO: [Synth 8-3491] module 'EDGEDTCTR' declared at 'C:/Users/sed/Desktop/Trabajo-VHDL/maquina3/maquina3.srcs/sources_1/new/edgeDetecteor.vhd:4' bound to instance 'edge_m10c' of component 'EDGEDTCTR' [C:/Users/sed/Desktop/Trabajo-VHDL/maquina3/maquina3.srcs/sources_1/new/Antirebotes.vhd:50]
INFO: [Synth 8-3491] module 'SYNCHRNZR' declared at 'C:/Users/sed/Desktop/Trabajo-VHDL/maquina3/maquina3.srcs/sources_1/new/sincronizador.vhd:4' bound to instance 'snc_m20c' of component 'SYNCHRNZR' [C:/Users/sed/Desktop/Trabajo-VHDL/maquina3/maquina3.srcs/sources_1/new/Antirebotes.vhd:52]
INFO: [Synth 8-3491] module 'EDGEDTCTR' declared at 'C:/Users/sed/Desktop/Trabajo-VHDL/maquina3/maquina3.srcs/sources_1/new/edgeDetecteor.vhd:4' bound to instance 'edge_m20c' of component 'EDGEDTCTR' [C:/Users/sed/Desktop/Trabajo-VHDL/maquina3/maquina3.srcs/sources_1/new/Antirebotes.vhd:53]
INFO: [Synth 8-3491] module 'SYNCHRNZR' declared at 'C:/Users/sed/Desktop/Trabajo-VHDL/maquina3/maquina3.srcs/sources_1/new/sincronizador.vhd:4' bound to instance 'snc_m50c' of component 'SYNCHRNZR' [C:/Users/sed/Desktop/Trabajo-VHDL/maquina3/maquina3.srcs/sources_1/new/Antirebotes.vhd:55]
INFO: [Synth 8-3491] module 'EDGEDTCTR' declared at 'C:/Users/sed/Desktop/Trabajo-VHDL/maquina3/maquina3.srcs/sources_1/new/edgeDetecteor.vhd:4' bound to instance 'edge_m50c' of component 'EDGEDTCTR' [C:/Users/sed/Desktop/Trabajo-VHDL/maquina3/maquina3.srcs/sources_1/new/Antirebotes.vhd:56]
INFO: [Synth 8-3491] module 'SYNCHRNZR' declared at 'C:/Users/sed/Desktop/Trabajo-VHDL/maquina3/maquina3.srcs/sources_1/new/sincronizador.vhd:4' bound to instance 'snc_m1e' of component 'SYNCHRNZR' [C:/Users/sed/Desktop/Trabajo-VHDL/maquina3/maquina3.srcs/sources_1/new/Antirebotes.vhd:58]
INFO: [Synth 8-3491] module 'EDGEDTCTR' declared at 'C:/Users/sed/Desktop/Trabajo-VHDL/maquina3/maquina3.srcs/sources_1/new/edgeDetecteor.vhd:4' bound to instance 'edge_m1e' of component 'EDGEDTCTR' [C:/Users/sed/Desktop/Trabajo-VHDL/maquina3/maquina3.srcs/sources_1/new/Antirebotes.vhd:59]
INFO: [Synth 8-256] done synthesizing module 'antirebotes' (3#1) [C:/Users/sed/Desktop/Trabajo-VHDL/maquina3/maquina3.srcs/sources_1/new/Antirebotes.vhd:25]
INFO: [Synth 8-3491] module 'IntroducirProducto' declared at 'C:/Users/sed/Desktop/Trabajo-VHDL/maquina3/maquina3.srcs/sources_1/new/IntroducirProducto.vhd:13' bound to instance 'introducirProducto_c' of component 'IntroducirProducto' [C:/Users/sed/Desktop/Trabajo-VHDL/maquina3/maquina3.srcs/sources_1/new/top.vhd:162]
INFO: [Synth 8-638] synthesizing module 'IntroducirProducto' [C:/Users/sed/Desktop/Trabajo-VHDL/maquina3/maquina3.srcs/sources_1/new/IntroducirProducto.vhd:22]
WARNING: [Synth 8-614] signal 'comprobacion_ok' is read in the process but is not in the sensitivity list [C:/Users/sed/Desktop/Trabajo-VHDL/maquina3/maquina3.srcs/sources_1/new/IntroducirProducto.vhd:56]
INFO: [Synth 8-256] done synthesizing module 'IntroducirProducto' (4#1) [C:/Users/sed/Desktop/Trabajo-VHDL/maquina3/maquina3.srcs/sources_1/new/IntroducirProducto.vhd:22]
INFO: [Synth 8-3491] module 'contarDinero' declared at 'C:/Users/sed/Desktop/Trabajo-VHDL/maquina3/maquina3.srcs/sources_1/new/contarDinero.vhd:5' bound to instance 'monedero' of component 'contarDinero' [C:/Users/sed/Desktop/Trabajo-VHDL/maquina3/maquina3.srcs/sources_1/new/top.vhd:169]
INFO: [Synth 8-638] synthesizing module 'contarDinero' [C:/Users/sed/Desktop/Trabajo-VHDL/maquina3/maquina3.srcs/sources_1/new/contarDinero.vhd:20]
INFO: [Synth 8-256] done synthesizing module 'contarDinero' (5#1) [C:/Users/sed/Desktop/Trabajo-VHDL/maquina3/maquina3.srcs/sources_1/new/contarDinero.vhd:20]
INFO: [Synth 8-3491] module 'segmentDriver' declared at 'C:/Users/sed/Desktop/Trabajo-VHDL/maquina3/maquina3.srcs/sources_1/new/segmentMux.vhd:16' bound to instance 'segmentDriver_c' of component 'segmentDriver' [C:/Users/sed/Desktop/Trabajo-VHDL/maquina3/maquina3.srcs/sources_1/new/top.vhd:181]
INFO: [Synth 8-638] synthesizing module 'segmentDriver' [C:/Users/sed/Desktop/Trabajo-VHDL/maquina3/maquina3.srcs/sources_1/new/segmentMux.vhd:33]
INFO: [Synth 8-3491] module 'decoder7segments' declared at 'C:/Users/sed/Desktop/Trabajo-VHDL/maquina3/maquina3.srcs/sources_1/new/decoder7segments.vhd:27' bound to instance 'decoder7segments_uut' of component 'decoder7segments' [C:/Users/sed/Desktop/Trabajo-VHDL/maquina3/maquina3.srcs/sources_1/new/segmentMux.vhd:58]
INFO: [Synth 8-638] synthesizing module 'decoder7segments' [C:/Users/sed/Desktop/Trabajo-VHDL/maquina3/maquina3.srcs/sources_1/new/decoder7segments.vhd:34]
INFO: [Synth 8-256] done synthesizing module 'decoder7segments' (6#1) [C:/Users/sed/Desktop/Trabajo-VHDL/maquina3/maquina3.srcs/sources_1/new/decoder7segments.vhd:34]
	Parameter MODULO bound to: 10000 - type: integer 
INFO: [Synth 8-3491] module 'temporizador' declared at 'C:/Users/sed/Desktop/Trabajo-VHDL/maquina3/maquina3.srcs/sources_1/new/temporizador.vhd:13' bound to instance 'clock10kHz' of component 'temporizador' [C:/Users/sed/Desktop/Trabajo-VHDL/maquina3/maquina3.srcs/sources_1/new/segmentMux.vhd:63]
INFO: [Synth 8-638] synthesizing module 'temporizador' [C:/Users/sed/Desktop/Trabajo-VHDL/maquina3/maquina3.srcs/sources_1/new/temporizador.vhd:24]
	Parameter MODULO bound to: 10000 - type: integer 
INFO: [Synth 8-256] done synthesizing module 'temporizador' (7#1) [C:/Users/sed/Desktop/Trabajo-VHDL/maquina3/maquina3.srcs/sources_1/new/temporizador.vhd:24]
INFO: [Synth 8-256] done synthesizing module 'segmentDriver' (8#1) [C:/Users/sed/Desktop/Trabajo-VHDL/maquina3/maquina3.srcs/sources_1/new/segmentMux.vhd:33]
INFO: [Synth 8-3491] module 'maquina' declared at 'C:/Users/sed/Desktop/Trabajo-VHDL/maquina3/maquina3.srcs/sources_1/new/maquina.vhd:14' bound to instance 'maquina_c' of component 'maquina' [C:/Users/sed/Desktop/Trabajo-VHDL/maquina3/maquina3.srcs/sources_1/new/top.vhd:196]
INFO: [Synth 8-638] synthesizing module 'maquina' [C:/Users/sed/Desktop/Trabajo-VHDL/maquina3/maquina3.srcs/sources_1/new/maquina.vhd:30]
	Parameter MODULO bound to: 5 - type: integer 
INFO: [Synth 8-3491] module 'temporizador' declared at 'C:/Users/sed/Desktop/Trabajo-VHDL/maquina3/maquina3.srcs/sources_1/new/temporizador.vhd:13' bound to instance 'temporizador2segundos' of component 'temporizador' [C:/Users/sed/Desktop/Trabajo-VHDL/maquina3/maquina3.srcs/sources_1/new/maquina.vhd:66]
INFO: [Synth 8-638] synthesizing module 'temporizador__parameterized1' [C:/Users/sed/Desktop/Trabajo-VHDL/maquina3/maquina3.srcs/sources_1/new/temporizador.vhd:24]
	Parameter MODULO bound to: 5 - type: integer 
INFO: [Synth 8-256] done synthesizing module 'temporizador__parameterized1' (8#1) [C:/Users/sed/Desktop/Trabajo-VHDL/maquina3/maquina3.srcs/sources_1/new/temporizador.vhd:24]
	Parameter MODULO bound to: 9 - type: integer 
INFO: [Synth 8-3491] module 'temporizador' declared at 'C:/Users/sed/Desktop/Trabajo-VHDL/maquina3/maquina3.srcs/sources_1/new/temporizador.vhd:13' bound to instance 'temporizador4segundos' of component 'temporizador' [C:/Users/sed/Desktop/Trabajo-VHDL/maquina3/maquina3.srcs/sources_1/new/maquina.vhd:75]
INFO: [Synth 8-638] synthesizing module 'temporizador__parameterized3' [C:/Users/sed/Desktop/Trabajo-VHDL/maquina3/maquina3.srcs/sources_1/new/temporizador.vhd:24]
	Parameter MODULO bound to: 9 - type: integer 
INFO: [Synth 8-256] done synthesizing module 'temporizador__parameterized3' (8#1) [C:/Users/sed/Desktop/Trabajo-VHDL/maquina3/maquina3.srcs/sources_1/new/temporizador.vhd:24]
INFO: [Synth 8-3491] module 'fsm' declared at 'C:/Users/sed/Desktop/Trabajo-VHDL/maquina3/maquina3.srcs/sources_1/new/fsm.vhd:5' bound to instance 'fsm_maquina' of component 'fsm' [C:/Users/sed/Desktop/Trabajo-VHDL/maquina3/maquina3.srcs/sources_1/new/maquina.vhd:84]
INFO: [Synth 8-638] synthesizing module 'fsm' [C:/Users/sed/Desktop/Trabajo-VHDL/maquina3/maquina3.srcs/sources_1/new/fsm.vhd:24]
INFO: [Synth 8-256] done synthesizing module 'fsm' (9#1) [C:/Users/sed/Desktop/Trabajo-VHDL/maquina3/maquina3.srcs/sources_1/new/fsm.vhd:24]
INFO: [Synth 8-256] done synthesizing module 'maquina' (10#1) [C:/Users/sed/Desktop/Trabajo-VHDL/maquina3/maquina3.srcs/sources_1/new/maquina.vhd:30]
	Parameter MODULO bound to: 50000000 - type: integer 
INFO: [Synth 8-3491] module 'temporizador' declared at 'C:/Users/sed/Desktop/Trabajo-VHDL/maquina3/maquina3.srcs/sources_1/new/temporizador.vhd:13' bound to instance 'clk2HZ' of component 'temporizador' [C:/Users/sed/Desktop/Trabajo-VHDL/maquina3/maquina3.srcs/sources_1/new/top.vhd:210]
INFO: [Synth 8-638] synthesizing module 'temporizador__parameterized5' [C:/Users/sed/Desktop/Trabajo-VHDL/maquina3/maquina3.srcs/sources_1/new/temporizador.vhd:24]
	Parameter MODULO bound to: 50000000 - type: integer 
INFO: [Synth 8-256] done synthesizing module 'temporizador__parameterized5' (10#1) [C:/Users/sed/Desktop/Trabajo-VHDL/maquina3/maquina3.srcs/sources_1/new/temporizador.vhd:24]
INFO: [Synth 8-256] done synthesizing module 'top' (11#1) [C:/Users/sed/Desktop/Trabajo-VHDL/maquina3/maquina3.srcs/sources_1/new/top.vhd:46]
---------------------------------------------------------------------------------
Finished RTL Elaboration : Time (s): cpu = 00:00:07 ; elapsed = 00:00:07 . Memory (MB): peak = 1206.254 ; gain = 0.000
---------------------------------------------------------------------------------
---------------------------------------------------------------------------------
Start Handling Custom Attributes
---------------------------------------------------------------------------------
---------------------------------------------------------------------------------
Finished Handling Custom Attributes : Time (s): cpu = 00:00:07 ; elapsed = 00:00:08 . Memory (MB): peak = 1206.254 ; gain = 0.000
---------------------------------------------------------------------------------
---------------------------------------------------------------------------------
Finished RTL Optimization Phase 1 : Time (s): cpu = 00:00:07 ; elapsed = 00:00:08 . Memory (MB): peak = 1206.254 ; gain = 0.000
---------------------------------------------------------------------------------
Netlist sorting complete. Time (s): cpu = 00:00:00 ; elapsed = 00:00:00.009 . Memory (MB): peak = 1206.254 ; gain = 0.000
INFO: [Project 1-570] Preparing netlist for logic optimization

Processing XDC Constraints
Initializing timing engine
Parsing XDC File [C:/Users/sed/Desktop/Trabajo-VHDL/maquina3/Nexys-4-DDR-Master.xdc]
Finished Parsing XDC File [C:/Users/sed/Desktop/Trabajo-VHDL/maquina3/Nexys-4-DDR-Master.xdc]
INFO: [Project 1-236] Implementation specific constraints were found while reading constraint file [C:/Users/sed/Desktop/Trabajo-VHDL/maquina3/Nexys-4-DDR-Master.xdc]. These constraints will be ignored for synthesis but will be used in implementation. Impacted constraints are listed in the file [.Xil/top_propImpl.xdc].
Resolution: To avoid this warning, move constraints listed in [.Xil/top_propImpl.xdc] to another XDC file and exclude this new file from synthesis with the used_in_synthesis property (File Properties dialog in GUI) and re-run elaboration/synthesis.
Completed Processing XDC Constraints

Netlist sorting complete. Time (s): cpu = 00:00:00 ; elapsed = 00:00:00.001 . Memory (MB): peak = 1206.254 ; gain = 0.000
INFO: [Project 1-111] Unisim Transformation Summary:
No Unisim elements were transformed.

Constraint Validation Runtime : Time (s): cpu = 00:00:00 ; elapsed = 00:00:00.006 . Memory (MB): peak = 1206.254 ; gain = 0.000
---------------------------------------------------------------------------------
Finished Constraint Validation : Time (s): cpu = 00:00:15 ; elapsed = 00:00:16 . Memory (MB): peak = 1206.254 ; gain = 0.000
---------------------------------------------------------------------------------
---------------------------------------------------------------------------------
Start Loading Part and Timing Information
---------------------------------------------------------------------------------
Loading part: xc7a100tcsg324-1
---------------------------------------------------------------------------------
Finished Loading Part and Timing Information : Time (s): cpu = 00:00:15 ; elapsed = 00:00:16 . Memory (MB): peak = 1206.254 ; gain = 0.000
---------------------------------------------------------------------------------
---------------------------------------------------------------------------------
Start Applying 'set_property' XDC Constraints
---------------------------------------------------------------------------------
---------------------------------------------------------------------------------
Finished applying 'set_property' XDC Constraints : Time (s): cpu = 00:00:15 ; elapsed = 00:00:16 . Memory (MB): peak = 1206.254 ; gain = 0.000
---------------------------------------------------------------------------------
INFO: [Synth 8-802] inferred FSM for state register 'current_state_reg' in module 'fsm'
WARNING: [Synth 8-327] inferring latch for variable 'comprobacion_ok_reg' [C:/Users/sed/Desktop/Trabajo-VHDL/maquina3/maquina3.srcs/sources_1/new/IntroducirProducto.vhd:49]
---------------------------------------------------------------------------------------------------
                   State |                     New Encoding |                Previous Encoding 
---------------------------------------------------------------------------------------------------
          s4_devolviendo |                           000001 |                              100
             s5_devuelto |                           000010 |                              101
              s0_standby |                           000100 |                              000
           s1_prodselecc |                           001000 |                              001
           s2_entregando |                           010000 |                              010
           s3_finalizado |                           100000 |                              011
---------------------------------------------------------------------------------------------------
INFO: [Synth 8-3354] encoded FSM with state register 'current_state_reg' using encoding 'one-hot' in module 'fsm'
---------------------------------------------------------------------------------
Finished RTL Optimization Phase 2 : Time (s): cpu = 00:00:15 ; elapsed = 00:00:16 . Memory (MB): peak = 1206.254 ; gain = 0.000
---------------------------------------------------------------------------------
---------------------------------------------------------------------------------
Start RTL Component Statistics 
---------------------------------------------------------------------------------
Detailed RTL Component Info : 
+---Adders : 
	   2 Input   32 Bit       Adders := 1     
	   2 Input   31 Bit       Adders := 2     
	   2 Input   26 Bit       Adders := 1     
	   2 Input   14 Bit       Adders := 1     
	   2 Input    4 Bit       Adders := 3     
	   2 Input    3 Bit       Adders := 2     
+---Registers : 
	               26 Bit    Registers := 1     
	               14 Bit    Registers := 1     
	                4 Bit    Registers := 2     
	                3 Bit    Registers := 9     
	                2 Bit    Registers := 6     
	                1 Bit    Registers := 12    
+---Muxes : 
	   3 Input   32 Bit        Muxes := 1     
	   2 Input   32 Bit        Muxes := 1     
	   2 Input   31 Bit        Muxes := 2     
	   6 Input    6 Bit        Muxes := 1     
	   2 Input    4 Bit        Muxes := 5     
	   6 Input    3 Bit        Muxes := 1     
	   2 Input    1 Bit        Muxes := 13    
	   6 Input    1 Bit        Muxes := 11    
---------------------------------------------------------------------------------
Finished RTL Component Statistics 
---------------------------------------------------------------------------------
---------------------------------------------------------------------------------
Start Part Resource Summary
---------------------------------------------------------------------------------
Part Resources:
DSPs: 240 (col length:80)
BRAMs: 270 (col length: RAMB18 80 RAMB36 40)
---------------------------------------------------------------------------------
Finished Part Resource Summary
---------------------------------------------------------------------------------
---------------------------------------------------------------------------------
Start Cross Boundary and Area Optimization
---------------------------------------------------------------------------------
---------------------------------------------------------------------------------
Finished Cross Boundary and Area Optimization : Time (s): cpu = 00:00:24 ; elapsed = 00:00:25 . Memory (MB): peak = 1206.254 ; gain = 0.000
---------------------------------------------------------------------------------
---------------------------------------------------------------------------------
Start Applying XDC Timing Constraints
---------------------------------------------------------------------------------
---------------------------------------------------------------------------------
Finished Applying XDC Timing Constraints : Time (s): cpu = 00:00:31 ; elapsed = 00:00:33 . Memory (MB): peak = 1206.254 ; gain = 0.000
---------------------------------------------------------------------------------
---------------------------------------------------------------------------------
Start Timing Optimization
---------------------------------------------------------------------------------
---------------------------------------------------------------------------------
Finished Timing Optimization : Time (s): cpu = 00:00:31 ; elapsed = 00:00:33 . Memory (MB): peak = 1206.254 ; gain = 0.000
---------------------------------------------------------------------------------
---------------------------------------------------------------------------------
Start Technology Mapping
---------------------------------------------------------------------------------
---------------------------------------------------------------------------------
Finished Technology Mapping : Time (s): cpu = 00:00:32 ; elapsed = 00:00:34 . Memory (MB): peak = 1206.254 ; gain = 0.000
---------------------------------------------------------------------------------
---------------------------------------------------------------------------------
Start IO Insertion
---------------------------------------------------------------------------------
---------------------------------------------------------------------------------
Start Flattening Before IO Insertion
---------------------------------------------------------------------------------
---------------------------------------------------------------------------------
Finished Flattening Before IO Insertion
---------------------------------------------------------------------------------
---------------------------------------------------------------------------------
Start Final Netlist Cleanup
---------------------------------------------------------------------------------
---------------------------------------------------------------------------------
Finished Final Netlist Cleanup
---------------------------------------------------------------------------------
---------------------------------------------------------------------------------
Finished IO Insertion : Time (s): cpu = 00:00:36 ; elapsed = 00:00:38 . Memory (MB): peak = 1206.254 ; gain = 0.000
---------------------------------------------------------------------------------
---------------------------------------------------------------------------------
Start Renaming Generated Instances
---------------------------------------------------------------------------------
---------------------------------------------------------------------------------
Finished Renaming Generated Instances : Time (s): cpu = 00:00:36 ; elapsed = 00:00:38 . Memory (MB): peak = 1206.254 ; gain = 0.000
---------------------------------------------------------------------------------
---------------------------------------------------------------------------------
Start Rebuilding User Hierarchy
---------------------------------------------------------------------------------
---------------------------------------------------------------------------------
Finished Rebuilding User Hierarchy : Time (s): cpu = 00:00:36 ; elapsed = 00:00:38 . Memory (MB): peak = 1206.254 ; gain = 0.000
---------------------------------------------------------------------------------
---------------------------------------------------------------------------------
Start Renaming Generated Ports
---------------------------------------------------------------------------------
---------------------------------------------------------------------------------
Finished Renaming Generated Ports : Time (s): cpu = 00:00:36 ; elapsed = 00:00:38 . Memory (MB): peak = 1206.254 ; gain = 0.000
---------------------------------------------------------------------------------
---------------------------------------------------------------------------------
Start Handling Custom Attributes
---------------------------------------------------------------------------------
---------------------------------------------------------------------------------
Finished Handling Custom Attributes : Time (s): cpu = 00:00:36 ; elapsed = 00:00:38 . Memory (MB): peak = 1206.254 ; gain = 0.000
---------------------------------------------------------------------------------
---------------------------------------------------------------------------------
Start Renaming Generated Nets
---------------------------------------------------------------------------------
---------------------------------------------------------------------------------
Finished Renaming Generated Nets : Time (s): cpu = 00:00:36 ; elapsed = 00:00:38 . Memory (MB): peak = 1206.254 ; gain = 0.000
---------------------------------------------------------------------------------
---------------------------------------------------------------------------------
Start ROM, RAM, DSP, Shift Register and Retiming Reporting
---------------------------------------------------------------------------------

Static Shift Register Report:
+------------+-----------------------------------------+--------+-------+--------------+--------------------+-------------------+--------+---------+
|Module Name | RTL Name                                | Length | Width | Reset Signal | Pull out first Reg | Pull out last Reg | SRL16E | SRLC32E | 
+------------+-----------------------------------------+--------+-------+--------------+--------------------+-------------------+--------+---------+
|top         | antirrebotes_c/edge_reset/sreg_reg[0]   | 4      | 1     | NO           | YES                | YES               | 1      | 0       | 
|top         | antirrebotes_c/edge_btc_cen/sreg_reg[0] | 4      | 1     | NO           | YES                | YES               | 1      | 0       | 
|top         | antirrebotes_c/edge_m10c/sreg_reg[0]    | 4      | 1     | NO           | YES                | YES               | 1      | 0       | 
|top         | antirrebotes_c/edge_m20c/sreg_reg[0]    | 4      | 1     | NO           | YES                | YES               | 1      | 0       | 
|top         | antirrebotes_c/edge_m50c/sreg_reg[0]    | 4      | 1     | NO           | YES                | YES               | 1      | 0       | 
|top         | antirrebotes_c/edge_m1e/sreg_reg[0]     | 4      | 1     | NO           | YES                | YES               | 1      | 0       | 
+------------+-----------------------------------------+--------+-------+--------------+--------------------+-------------------+--------+---------+

---------------------------------------------------------------------------------
Finished ROM, RAM, DSP, Shift Register and Retiming Reporting
---------------------------------------------------------------------------------
---------------------------------------------------------------------------------
Start Writing Synthesis Report
---------------------------------------------------------------------------------

Report BlackBoxes: 
+-+--------------+----------+
| |BlackBox name |Instances |
+-+--------------+----------+
+-+--------------+----------+

Report Cell Usage: 
+------+-------+------+
|      |Cell   |Count |
+------+-------+------+
|1     |BUFG   |     1|
|2     |CARRY4 |   226|
|3     |LUT1   |    96|
|4     |LUT2   |    97|
|5     |LUT3   |   256|
|6     |LUT4   |   119|
|7     |LUT5   |   178|
|8     |LUT6   |   600|
|9     |MUXF7  |     2|
|10    |SRL16E |     6|
|11    |FDCE   |    75|
|12    |FDPE   |     1|
|13    |FDRE   |    50|
|14    |FDSE   |     1|
|15    |LDC    |     1|
|16    |IBUF   |    15|
|17    |OBUF   |    21|
+------+-------+------+
---------------------------------------------------------------------------------
Finished Writing Synthesis Report : Time (s): cpu = 00:00:36 ; elapsed = 00:00:38 . Memory (MB): peak = 1206.254 ; gain = 0.000
---------------------------------------------------------------------------------
Synthesis finished with 0 errors, 0 critical warnings and 1 warnings.
Synthesis Optimization Runtime : Time (s): cpu = 00:00:26 ; elapsed = 00:00:35 . Memory (MB): peak = 1206.254 ; gain = 0.000
Synthesis Optimization Complete : Time (s): cpu = 00:00:36 ; elapsed = 00:00:38 . Memory (MB): peak = 1206.254 ; gain = 0.000
INFO: [Project 1-571] Translating synthesized netlist
Netlist sorting complete. Time (s): cpu = 00:00:00 ; elapsed = 00:00:00.031 . Memory (MB): peak = 1206.254 ; gain = 0.000
INFO: [Netlist 29-17] Analyzing 229 Unisim elements for replacement
INFO: [Netlist 29-28] Unisim Transformation completed in 0 CPU seconds
INFO: [Project 1-570] Preparing netlist for logic optimization
INFO: [Opt 31-138] Pushed 0 inverter(s) to 0 load pin(s).
Netlist sorting complete. Time (s): cpu = 00:00:00 ; elapsed = 00:00:00.001 . Memory (MB): peak = 1206.254 ; gain = 0.000
INFO: [Project 1-111] Unisim Transformation Summary:
  A total of 1 instances were transformed.
  LDC => LDCE: 1 instance 

Synth Design complete, checksum: 692d88b9
INFO: [Common 17-83] Releasing license: Synthesis
68 Infos, 2 Warnings, 0 Critical Warnings and 0 Errors encountered.
synth_design completed successfully
synth_design: Time (s): cpu = 00:00:42 ; elapsed = 00:00:45 . Memory (MB): peak = 1206.254 ; gain = 0.000
INFO: [Common 17-1381] The checkpoint 'C:/Users/sed/Desktop/Trabajo-VHDL/maquina3/maquina3.runs/synth_1/top.dcp' has been generated.
INFO: [runtcl-4] Executing : report_utilization -file top_utilization_synth.rpt -pb top_utilization_synth.pb
INFO: [Common 17-206] Exiting Vivado at Mon Jan 17 11:23:10 2022...
