#-----------------------------------------------------------
# Vivado v2021.1 (64-bit)
# SW Build 3247384 on Thu Jun 10 19:36:33 MDT 2021
# IP Build 3246043 on Fri Jun 11 00:30:35 MDT 2021
# Start of session at: Fri Jan 14 10:03:37 2022
# Process ID: 2952
# Current directory: C:/Users/sed/Desktop/VHDL 2/TrabajoExpendedora2
# Command line: vivado.exe -gui_launcher_event rodinguilauncherevent4100 C:\Users\sed\Desktop\VHDL 2\TrabajoExpendedora2\TrabajoExpendedora2.xpr
# Log file: C:/Users/sed/Desktop/VHDL 2/TrabajoExpendedora2/vivado.log
# Journal file: C:/Users/sed/Desktop/VHDL 2/TrabajoExpendedora2\vivado.jou
#-----------------------------------------------------------
start_gui
open_project {C:/Users/sed/Desktop/VHDL 2/TrabajoExpendedora2/TrabajoExpendedora2.xpr}
INFO: [Project 1-313] Project file moved from 'D:/VHDL 2/TrabajoExpendedora2' since last save.
WARNING: [filemgmt 56-2] Default IP Output Path : Could not find the directory 'C:/Users/sed/Desktop/VHDL 2/TrabajoExpendedora2/TrabajoExpendedora2.gen/sources_1', nor could it be found using path 'D:/VHDL 2/TrabajoExpendedora2/TrabajoExpendedora2.gen/sources_1'.
WARNING: [Project 1-312] File not found as 'C:/Users/sed/Desktop/Trabajo-VHDL/Maquina_Expendedora/Nexys-4-DDR-Master.xdc'; using path 'D:/Trabajo-VHDL/Maquina_Expendedora/Nexys-4-DDR-Master.xdc' instead.
Scanning sources...
Finished scanning sources
WARNING: [Project 1-312] File not found as 'C:/Users/sed/Desktop/Trabajo-VHDL/Maquina_Expendedora/Nexys-4-DDR-Master.xdc'; using path 'D:/Trabajo-VHDL/Maquina_Expendedora/Nexys-4-DDR-Master.xdc' instead.
WARNING: [Project 1-312] File not found as 'C:/Users/sed/Desktop/Trabajo-VHDL/Maquina_Expendedora/Nexys-4-DDR-Master.xdc'; using path 'D:/Trabajo-VHDL/Maquina_Expendedora/Nexys-4-DDR-Master.xdc' instead.
INFO: [IP_Flow 19-234] Refreshing IP repositories
INFO: [IP_Flow 19-1704] No user IP repositories specified
INFO: [IP_Flow 19-2313] Loaded Vivado IP repository 'C:/Xilinx/Vivado/2021.1/data/ip'.
open_project: Time (s): cpu = 00:00:13 ; elapsed = 00:00:07 . Memory (MB): peak = 1434.391 ; gain = 0.000
update_compile_order -fileset sources_1
reset_run impl_1 -prev_step 
WARNING: [Vivado 12-1017] Problems encountered:
1. Couldn't access process for termination

reset_run synth_1
launch_runs synth_1 -jobs 2
[Fri Jan 14 10:13:58 2022] Launched synth_1...
Run output will be captured here: C:/Users/sed/Desktop/VHDL 2/TrabajoExpendedora2/TrabajoExpendedora2.runs/synth_1/runme.log
launch_runs impl_1 -jobs 2
[Fri Jan 14 10:15:00 2022] Launched impl_1...
Run output will be captured here: C:/Users/sed/Desktop/VHDL 2/TrabajoExpendedora2/TrabajoExpendedora2.runs/impl_1/runme.log
launch_runs impl_1 -to_step write_bitstream -jobs 2
[Fri Jan 14 10:16:30 2022] Launched impl_1...
Run output will be captured here: C:/Users/sed/Desktop/VHDL 2/TrabajoExpendedora2/TrabajoExpendedora2.runs/impl_1/runme.log
open_hw_manager
connect_hw_server -allow_non_jtag
INFO: [Labtools 27-2285] Connecting to hw_server url TCP:localhost:3121
INFO: [Labtools 27-2222] Launching hw_server...
INFO: [Labtools 27-2221] Launch Output:

****** Xilinx hw_server v2021.1
  **** Build date : Jun 10 2021 at 20:17:23
    ** Copyright 1986-2021 Xilinx, Inc. All Rights Reserved.


INFO: [Labtools 27-3415] Connecting to cs_server url TCP:localhost:3042
INFO: [Labtools 27-3417] Launching cs_server...
INFO: [Labtools 27-2221] Launch Output:


******** Xilinx cs_server v2021.1
  ****** Build date   : May 26 2021-19:32:33
    **** Build number : 2021.1.1622050353
      ** Copyright 2017-2022 Xilinx, Inc. All Rights Reserved.



connect_hw_server: Time (s): cpu = 00:00:01 ; elapsed = 00:00:10 . Memory (MB): peak = 1434.391 ; gain = 0.000
open_hw_target
INFO: [Labtoolstcl 44-466] Opening hw_target localhost:3121/xilinx_tcf/Digilent/210292A3FE63A
open_hw_target: Time (s): cpu = 00:00:07 ; elapsed = 00:00:08 . Memory (MB): peak = 2696.871 ; gain = 1262.480
set_property PROGRAM.FILE {C:/Users/sed/Desktop/VHDL 2/TrabajoExpendedora2/TrabajoExpendedora2.runs/impl_1/top.bit} [get_hw_devices xc7a100t_0]
current_hw_device [get_hw_devices xc7a100t_0]
refresh_hw_device -update_hw_probes false [lindex [get_hw_devices xc7a100t_0] 0]
INFO: [Labtools 27-1435] Device xc7a100t (JTAG device index = 0) is not programmed (DONE status = 0).
set_property PROBES.FILE {} [get_hw_devices xc7a100t_0]
set_property FULL_PROBES.FILE {} [get_hw_devices xc7a100t_0]
set_property PROGRAM.FILE {C:/Users/sed/Desktop/VHDL 2/TrabajoExpendedora2/TrabajoExpendedora2.runs/impl_1/top.bit} [get_hw_devices xc7a100t_0]
program_hw_devices [get_hw_devices xc7a100t_0]
INFO: [Labtools 27-3164] End of startup status: HIGH
refresh_hw_device [lindex [get_hw_devices xc7a100t_0] 0]
INFO: [Labtools 27-1434] Device xc7a100t (JTAG device index = 0) is programmed with a design that has no supported debug core(s) in it.
close_hw_manager
set_property top top_tb [get_filesets sim_1]
set_property top_lib xil_defaultlib [get_filesets sim_1]
update_compile_order -fileset sim_1
launch_simulation
Command: launch_simulation 
INFO: [Vivado 12-12493] Simulation top is 'top_tb'
INFO: [Vivado 12-5682] Launching behavioral simulation in 'C:/Users/sed/Desktop/VHDL 2/TrabajoExpendedora2/TrabajoExpendedora2.sim/sim_1/behav/xsim'
INFO: [SIM-utils-51] Simulation object is 'sim_1'
INFO: [SIM-utils-72] Using boost library from 'C:/Xilinx/Vivado/2021.1/tps/boost_1_72_0'
INFO: [SIM-utils-54] Inspecting design source files for 'top_tb' in fileset 'sim_1'...
INFO: [USF-XSim-97] Finding global include files...
INFO: [USF-XSim-98] Fetching design files from 'sim_1'...
INFO: [USF-XSim-2] XSim::Compile design
INFO: [USF-XSim-61] Executing 'COMPILE and ANALYZE' step in 'C:/Users/sed/Desktop/VHDL 2/TrabajoExpendedora2/TrabajoExpendedora2.sim/sim_1/behav/xsim'
"xvhdl --incr --relax -prj top_tb_vhdl.prj"
INFO: [VRFC 10-163] Analyzing VHDL file "C:/Users/sed/Desktop/VHDL 2/TrabajoExpendedora2/TrabajoExpendedora2.srcs/sources_1/new/Antirebotes.vhd" into library xil_defaultlib
INFO: [VRFC 10-3107] analyzing entity 'antirebotes'
INFO: [VRFC 10-163] Analyzing VHDL file "C:/Users/sed/Desktop/VHDL 2/TrabajoExpendedora2/TrabajoExpendedora2.srcs/sources_1/new/IntroducirProducto.vhd" into library xil_defaultlib
INFO: [VRFC 10-3107] analyzing entity 'IntroducirProducto'
INFO: [VRFC 10-163] Analyzing VHDL file "C:/Users/sed/Desktop/VHDL 2/TrabajoExpendedora2/TrabajoExpendedora2.srcs/sources_1/new/contarDinero.vhd" into library xil_defaultlib
INFO: [VRFC 10-3107] analyzing entity 'contarDinero'
INFO: [VRFC 10-163] Analyzing VHDL file "C:/Users/sed/Desktop/VHDL 2/TrabajoExpendedora2/TrabajoExpendedora2.srcs/sources_1/new/display.vhd" into library xil_defaultlib
INFO: [VRFC 10-3107] analyzing entity 'display'
INFO: [VRFC 10-163] Analyzing VHDL file "C:/Users/sed/Desktop/VHDL 2/TrabajoExpendedora2/TrabajoExpendedora2.srcs/sources_1/new/edgeDetecteor.vhd" into library xil_defaultlib
INFO: [VRFC 10-3107] analyzing entity 'EDGEDTCTR'
INFO: [VRFC 10-163] Analyzing VHDL file "C:/Users/sed/Desktop/VHDL 2/TrabajoExpendedora2/TrabajoExpendedora2.srcs/sources_1/new/fsm.vhd" into library xil_defaultlib
INFO: [VRFC 10-3107] analyzing entity 'fsm'
INFO: [VRFC 10-163] Analyzing VHDL file "C:/Users/sed/Desktop/VHDL 2/TrabajoExpendedora2/TrabajoExpendedora2.srcs/sources_1/new/maquina.vhd" into library xil_defaultlib
INFO: [VRFC 10-3107] analyzing entity 'maquina'
INFO: [VRFC 10-163] Analyzing VHDL file "C:/Users/sed/Desktop/VHDL 2/TrabajoExpendedora2/TrabajoExpendedora2.srcs/sources_1/new/mi_paquete.vhd" into library xil_defaultlib
ERROR: [VRFC 10-2989] 'led_dinero_dev' is not declared [C:/Users/sed/Desktop/VHDL 2/TrabajoExpendedora2/TrabajoExpendedora2.srcs/sources_1/new/mi_paquete.vhd:33]
ERROR: [VRFC 10-3782] unit 'mi_paquete' ignored due to previous errors [C:/Users/sed/Desktop/VHDL 2/TrabajoExpendedora2/TrabajoExpendedora2.srcs/sources_1/new/mi_paquete.vhd:21]
INFO: [VRFC 10-3070] VHDL file 'C:/Users/sed/Desktop/VHDL 2/TrabajoExpendedora2/TrabajoExpendedora2.srcs/sources_1/new/mi_paquete.vhd' ignored due to errors
INFO: [USF-XSim-69] 'compile' step finished in '2' seconds
INFO: [USF-XSim-99] Step results log file:'C:/Users/sed/Desktop/VHDL 2/TrabajoExpendedora2/TrabajoExpendedora2.sim/sim_1/behav/xsim/xvhdl.log'
ERROR: [USF-XSim-62] 'compile' step failed with error(s). Please check the Tcl console output or 'C:/Users/sed/Desktop/VHDL 2/TrabajoExpendedora2/TrabajoExpendedora2.sim/sim_1/behav/xsim/xvhdl.log' file for more information.
ERROR: [Vivado 12-4473] Detected error while running simulation. Please correct the issue and retry this operation.
ERROR: [Common 17-39] 'launch_simulation' failed due to earlier errors.
launch_simulation
Command: launch_simulation 
INFO: [Vivado 12-12493] Simulation top is 'top_tb'
INFO: [Vivado 12-5682] Launching behavioral simulation in 'C:/Users/sed/Desktop/VHDL 2/TrabajoExpendedora2/TrabajoExpendedora2.sim/sim_1/behav/xsim'
INFO: [SIM-utils-51] Simulation object is 'sim_1'
INFO: [SIM-utils-72] Using boost library from 'C:/Xilinx/Vivado/2021.1/tps/boost_1_72_0'
INFO: [SIM-utils-54] Inspecting design source files for 'top_tb' in fileset 'sim_1'...
INFO: [USF-XSim-97] Finding global include files...
INFO: [USF-XSim-98] Fetching design files from 'sim_1'...
INFO: [USF-XSim-2] XSim::Compile design
INFO: [USF-XSim-61] Executing 'COMPILE and ANALYZE' step in 'C:/Users/sed/Desktop/VHDL 2/TrabajoExpendedora2/TrabajoExpendedora2.sim/sim_1/behav/xsim'
"xvhdl --incr --relax -prj top_tb_vhdl.prj"
INFO: [VRFC 10-163] Analyzing VHDL file "C:/Users/sed/Desktop/VHDL 2/TrabajoExpendedora2/TrabajoExpendedora2.srcs/sources_1/new/Antirebotes.vhd" into library xil_defaultlib
INFO: [VRFC 10-3107] analyzing entity 'antirebotes'
INFO: [VRFC 10-163] Analyzing VHDL file "C:/Users/sed/Desktop/VHDL 2/TrabajoExpendedora2/TrabajoExpendedora2.srcs/sources_1/new/IntroducirProducto.vhd" into library xil_defaultlib
INFO: [VRFC 10-3107] analyzing entity 'IntroducirProducto'
INFO: [VRFC 10-163] Analyzing VHDL file "C:/Users/sed/Desktop/VHDL 2/TrabajoExpendedora2/TrabajoExpendedora2.srcs/sources_1/new/contarDinero.vhd" into library xil_defaultlib
INFO: [VRFC 10-3107] analyzing entity 'contarDinero'
INFO: [VRFC 10-163] Analyzing VHDL file "C:/Users/sed/Desktop/VHDL 2/TrabajoExpendedora2/TrabajoExpendedora2.srcs/sources_1/new/display.vhd" into library xil_defaultlib
INFO: [VRFC 10-3107] analyzing entity 'display'
INFO: [VRFC 10-163] Analyzing VHDL file "C:/Users/sed/Desktop/VHDL 2/TrabajoExpendedora2/TrabajoExpendedora2.srcs/sources_1/new/edgeDetecteor.vhd" into library xil_defaultlib
INFO: [VRFC 10-3107] analyzing entity 'EDGEDTCTR'
INFO: [VRFC 10-163] Analyzing VHDL file "C:/Users/sed/Desktop/VHDL 2/TrabajoExpendedora2/TrabajoExpendedora2.srcs/sources_1/new/fsm.vhd" into library xil_defaultlib
INFO: [VRFC 10-3107] analyzing entity 'fsm'
INFO: [VRFC 10-163] Analyzing VHDL file "C:/Users/sed/Desktop/VHDL 2/TrabajoExpendedora2/TrabajoExpendedora2.srcs/sources_1/new/maquina.vhd" into library xil_defaultlib
INFO: [VRFC 10-3107] analyzing entity 'maquina'
INFO: [VRFC 10-163] Analyzing VHDL file "C:/Users/sed/Desktop/VHDL 2/TrabajoExpendedora2/TrabajoExpendedora2.srcs/sources_1/new/sincronizador.vhd" into library xil_defaultlib
INFO: [VRFC 10-3107] analyzing entity 'SYNCHRNZR'
INFO: [VRFC 10-163] Analyzing VHDL file "C:/Users/sed/Desktop/VHDL 2/TrabajoExpendedora2/TrabajoExpendedora2.srcs/sources_1/new/temporizador.vhd" into library xil_defaultlib
INFO: [VRFC 10-3107] analyzing entity 'temporizador'
INFO: [VRFC 10-163] Analyzing VHDL file "C:/Users/sed/Desktop/VHDL 2/TrabajoExpendedora2/TrabajoExpendedora2.srcs/sources_1/new/top.vhd" into library xil_defaultlib
INFO: [VRFC 10-3107] analyzing entity 'top'
INFO: [VRFC 10-163] Analyzing VHDL file "C:/Users/sed/Desktop/VHDL 2/TrabajoExpendedora2/TrabajoExpendedora2.srcs/sim_1/new/top_tb.vhd" into library xil_defaultlib
INFO: [VRFC 10-3107] analyzing entity 'top_tb'
INFO: [USF-XSim-69] 'compile' step finished in '1' seconds
INFO: [USF-XSim-3] XSim::Elaborate design
INFO: [USF-XSim-61] Executing 'ELABORATE' step in 'C:/Users/sed/Desktop/VHDL 2/TrabajoExpendedora2/TrabajoExpendedora2.sim/sim_1/behav/xsim'
"xelab -wto bbd13db989d740efba57ebb5fe22a1ba --incr --debug typical --relax --mt 2 -L xil_defaultlib -L secureip --snapshot top_tb_behav xil_defaultlib.top_tb -log elaborate.log"
Vivado Simulator v2021.1
Copyright 1986-1999, 2001-2021 Xilinx, Inc. All Rights Reserved.
Running: C:/Xilinx/Vivado/2021.1/bin/unwrapped/win64.o/xelab.exe -wto bbd13db989d740efba57ebb5fe22a1ba --incr --debug typical --relax --mt 2 -L xil_defaultlib -L secureip --snapshot top_tb_behav xil_defaultlib.top_tb -log elaborate.log 
Using 2 slave threads.
Starting static elaboration
ERROR: [VRFC 10-718] formal port <display> does not exist in entity <top>.  Please compare the definition of block <top> to its component declaration and its instantion to detect the mismatch. [C:/Users/sed/Desktop/VHDL 2/TrabajoExpendedora2/TrabajoExpendedora2.srcs/sim_1/new/top_tb.vhd:21]
ERROR: [VRFC 10-718] formal port <an> does not exist in entity <top>.  Please compare the definition of block <top> to its component declaration and its instantion to detect the mismatch. [C:/Users/sed/Desktop/VHDL 2/TrabajoExpendedora2/TrabajoExpendedora2.srcs/sim_1/new/top_tb.vhd:22]
ERROR: [VRFC 10-718] formal port <led_cant_dinero> does not exist in entity <top>.  Please compare the definition of block <top> to its component declaration and its instantion to detect the mismatch. [C:/Users/sed/Desktop/VHDL 2/TrabajoExpendedora2/TrabajoExpendedora2.srcs/sim_1/new/top_tb.vhd:23]
ERROR: [XSIM 43-3321] Static elaboration of top level VHDL design unit top_tb in library work failed.
INFO: [USF-XSim-69] 'elaborate' step finished in '2' seconds
INFO: [USF-XSim-99] Step results log file:'C:/Users/sed/Desktop/VHDL 2/TrabajoExpendedora2/TrabajoExpendedora2.sim/sim_1/behav/xsim/elaborate.log'
ERROR: [USF-XSim-62] 'elaborate' step failed with error(s). Please check the Tcl console output or 'C:/Users/sed/Desktop/VHDL 2/TrabajoExpendedora2/TrabajoExpendedora2.sim/sim_1/behav/xsim/elaborate.log' file for more information.
ERROR: [Vivado 12-4473] Detected error while running simulation. Please correct the issue and retry this operation.
ERROR: [Common 17-39] 'launch_simulation' failed due to earlier errors.
launch_simulation
Command: launch_simulation 
INFO: [Vivado 12-12493] Simulation top is 'top_tb'
INFO: [Vivado 12-5682] Launching behavioral simulation in 'C:/Users/sed/Desktop/VHDL 2/TrabajoExpendedora2/TrabajoExpendedora2.sim/sim_1/behav/xsim'
INFO: [SIM-utils-51] Simulation object is 'sim_1'
INFO: [SIM-utils-72] Using boost library from 'C:/Xilinx/Vivado/2021.1/tps/boost_1_72_0'
INFO: [SIM-utils-54] Inspecting design source files for 'top_tb' in fileset 'sim_1'...
INFO: [USF-XSim-97] Finding global include files...
INFO: [USF-XSim-98] Fetching design files from 'sim_1'...
INFO: [USF-XSim-2] XSim::Compile design
INFO: [USF-XSim-61] Executing 'COMPILE and ANALYZE' step in 'C:/Users/sed/Desktop/VHDL 2/TrabajoExpendedora2/TrabajoExpendedora2.sim/sim_1/behav/xsim'
"xvhdl --incr --relax -prj top_tb_vhdl.prj"
INFO: [VRFC 10-163] Analyzing VHDL file "C:/Users/sed/Desktop/VHDL 2/TrabajoExpendedora2/TrabajoExpendedora2.srcs/sim_1/new/top_tb.vhd" into library xil_defaultlib
INFO: [VRFC 10-3107] analyzing entity 'top_tb'
INFO: [USF-XSim-69] 'compile' step finished in '2' seconds
INFO: [USF-XSim-3] XSim::Elaborate design
INFO: [USF-XSim-61] Executing 'ELABORATE' step in 'C:/Users/sed/Desktop/VHDL 2/TrabajoExpendedora2/TrabajoExpendedora2.sim/sim_1/behav/xsim'
"xelab -wto bbd13db989d740efba57ebb5fe22a1ba --incr --debug typical --relax --mt 2 -L xil_defaultlib -L secureip --snapshot top_tb_behav xil_defaultlib.top_tb -log elaborate.log"
Vivado Simulator v2021.1
Copyright 1986-1999, 2001-2021 Xilinx, Inc. All Rights Reserved.
Running: C:/Xilinx/Vivado/2021.1/bin/unwrapped/win64.o/xelab.exe -wto bbd13db989d740efba57ebb5fe22a1ba --incr --debug typical --relax --mt 2 -L xil_defaultlib -L secureip --snapshot top_tb_behav xil_defaultlib.top_tb -log elaborate.log 
Using 2 slave threads.
Starting static elaboration
Completed static elaboration
Starting simulation data flow analysis
Completed simulation data flow analysis
Time Resolution for simulation is 1ps
Compiling package std.standard
Compiling package std.textio
Compiling package ieee.std_logic_1164
Compiling package ieee.numeric_std
Compiling architecture behavioral of entity xil_defaultlib.SYNCHRNZR [synchrnzr_default]
Compiling architecture behavioral of entity xil_defaultlib.EDGEDTCTR [edgedtctr_default]
Compiling architecture structural of entity xil_defaultlib.antirebotes [antirebotes_default]
Compiling architecture behavioral of entity xil_defaultlib.IntroducirProducto [introducirproducto_default]
Compiling architecture behavioral of entity xil_defaultlib.contarDinero [contardinero_default]
Compiling architecture behavioral of entity xil_defaultlib.display [display_default]
Compiling architecture behavioral of entity xil_defaultlib.temporizador [\temporizador(modulo=5)\]
Compiling architecture behavioral of entity xil_defaultlib.temporizador [\temporizador(modulo=9)\]
Compiling architecture behavioral of entity xil_defaultlib.fsm [fsm_default]
Compiling architecture structural of entity xil_defaultlib.maquina [maquina_default]
Compiling architecture behavioral of entity xil_defaultlib.temporizador [\temporizador(modulo=50000000)\]
Compiling architecture behavioral of entity xil_defaultlib.top [top_default]
Compiling architecture behavioral of entity xil_defaultlib.top_tb
Built simulation snapshot top_tb_behav

****** Webtalk v2021.1 (64-bit)
  **** SW Build 3247384 on Thu Jun 10 19:36:33 MDT 2021
  **** IP Build 3246043 on Fri Jun 11 00:30:35 MDT 2021
    ** Copyright 1986-2021 Xilinx, Inc. All Rights Reserved.

source C:/Users/sed/Desktop/VHDL -notrace
invalid command name "%"
    while executing
"% Total    % Received % Xferd  Average Speed   Time    Time     Time  Current"
    (file "C:/Users/sed/Desktop/VHDL" line 1)
INFO: [Common 17-206] Exiting Webtalk at Fri Jan 14 10:40:40 2022...
run_program: Time (s): cpu = 00:00:01 ; elapsed = 00:00:06 . Memory (MB): peak = 2774.414 ; gain = 0.000
INFO: [USF-XSim-69] 'elaborate' step finished in '6' seconds
INFO: [USF-XSim-4] XSim::Simulate design
INFO: [USF-XSim-61] Executing 'SIMULATE' step in 'C:/Users/sed/Desktop/VHDL 2/TrabajoExpendedora2/TrabajoExpendedora2.sim/sim_1/behav/xsim'
INFO: [USF-XSim-98] *** Running xsim
   with args "top_tb_behav -key {Behavioral:sim_1:Functional:top_tb} -tclbatch {top_tb.tcl} -log {simulate.log}"
INFO: [USF-XSim-8] Loading simulator feature
Time resolution is 1 ps
source top_tb.tcl
# set curr_wave [current_wave_config]
# if { [string length $curr_wave] == 0 } {
#   if { [llength [get_objects]] > 0} {
#     add_wave /
#     set_property needs_save false [current_wave_config]
#   } else {
#      send_msg_id Add_Wave-1 WARNING "No top level signals found. Simulator will start without a wave window. If you want to open a wave window go to 'File->New Waveform Configuration' or type 'create_wave_config' in the TCL console."
#   }
# }
# run 1000ns
Warning: [ERROR] Reset no funciona correctamente
Time: 5500 ps  Iteration: 0  Process: /top_tb/estimulos  File: C:/Users/sed/Desktop/VHDL 2/TrabajoExpendedora2/TrabajoExpendedora2.srcs/sim_1/new/top_tb.vhd
INFO: [USF-XSim-96] XSim completed. Design snapshot 'top_tb_behav' loaded.
INFO: [USF-XSim-97] XSim simulation ran for 1000ns
launch_simulation: Time (s): cpu = 00:00:08 ; elapsed = 00:00:14 . Memory (MB): peak = 2782.809 ; gain = 8.395
close_sim
INFO: [Simtcl 6-16] Simulation closed
launch_simulation
Command: launch_simulation 
INFO: [Vivado 12-12493] Simulation top is 'top_tb'
INFO: [Vivado 12-5682] Launching behavioral simulation in 'C:/Users/sed/Desktop/VHDL 2/TrabajoExpendedora2/TrabajoExpendedora2.sim/sim_1/behav/xsim'
INFO: [SIM-utils-51] Simulation object is 'sim_1'
INFO: [SIM-utils-72] Using boost library from 'C:/Xilinx/Vivado/2021.1/tps/boost_1_72_0'
INFO: [SIM-utils-54] Inspecting design source files for 'top_tb' in fileset 'sim_1'...
INFO: [USF-XSim-97] Finding global include files...
INFO: [USF-XSim-98] Fetching design files from 'sim_1'...
INFO: [USF-XSim-2] XSim::Compile design
INFO: [USF-XSim-61] Executing 'COMPILE and ANALYZE' step in 'C:/Users/sed/Desktop/VHDL 2/TrabajoExpendedora2/TrabajoExpendedora2.sim/sim_1/behav/xsim'
"xvhdl --incr --relax -prj top_tb_vhdl.prj"
INFO: [VRFC 10-163] Analyzing VHDL file "C:/Users/sed/Desktop/VHDL 2/TrabajoExpendedora2/TrabajoExpendedora2.srcs/sim_1/new/top_tb.vhd" into library xil_defaultlib
INFO: [VRFC 10-3107] analyzing entity 'top_tb'
INFO: [USF-XSim-69] 'compile' step finished in '2' seconds
INFO: [USF-XSim-3] XSim::Elaborate design
INFO: [USF-XSim-61] Executing 'ELABORATE' step in 'C:/Users/sed/Desktop/VHDL 2/TrabajoExpendedora2/TrabajoExpendedora2.sim/sim_1/behav/xsim'
"xelab -wto bbd13db989d740efba57ebb5fe22a1ba --incr --debug typical --relax --mt 2 -L xil_defaultlib -L secureip --snapshot top_tb_behav xil_defaultlib.top_tb -log elaborate.log"
Vivado Simulator v2021.1
Copyright 1986-1999, 2001-2021 Xilinx, Inc. All Rights Reserved.
Running: C:/Xilinx/Vivado/2021.1/bin/unwrapped/win64.o/xelab.exe -wto bbd13db989d740efba57ebb5fe22a1ba --incr --debug typical --relax --mt 2 -L xil_defaultlib -L secureip --snapshot top_tb_behav xil_defaultlib.top_tb -log elaborate.log 
Using 2 slave threads.
Starting static elaboration
Completed static elaboration
Starting simulation data flow analysis
Completed simulation data flow analysis
Time Resolution for simulation is 1ps
Compiling package std.standard
Compiling package std.textio
Compiling package ieee.std_logic_1164
Compiling package ieee.numeric_std
Compiling architecture behavioral of entity xil_defaultlib.SYNCHRNZR [synchrnzr_default]
Compiling architecture behavioral of entity xil_defaultlib.EDGEDTCTR [edgedtctr_default]
Compiling architecture structural of entity xil_defaultlib.antirebotes [antirebotes_default]
Compiling architecture behavioral of entity xil_defaultlib.IntroducirProducto [introducirproducto_default]
Compiling architecture behavioral of entity xil_defaultlib.contarDinero [contardinero_default]
Compiling architecture behavioral of entity xil_defaultlib.display [display_default]
Compiling architecture behavioral of entity xil_defaultlib.temporizador [\temporizador(modulo=5)\]
Compiling architecture behavioral of entity xil_defaultlib.temporizador [\temporizador(modulo=9)\]
Compiling architecture behavioral of entity xil_defaultlib.fsm [fsm_default]
Compiling architecture structural of entity xil_defaultlib.maquina [maquina_default]
Compiling architecture behavioral of entity xil_defaultlib.temporizador [\temporizador(modulo=50000000)\]
Compiling architecture behavioral of entity xil_defaultlib.top [top_default]
Compiling architecture behavioral of entity xil_defaultlib.top_tb
Built simulation snapshot top_tb_behav
INFO: [USF-XSim-69] 'elaborate' step finished in '3' seconds
INFO: [USF-XSim-4] XSim::Simulate design
INFO: [USF-XSim-61] Executing 'SIMULATE' step in 'C:/Users/sed/Desktop/VHDL 2/TrabajoExpendedora2/TrabajoExpendedora2.sim/sim_1/behav/xsim'
INFO: [USF-XSim-98] *** Running xsim
   with args "top_tb_behav -key {Behavioral:sim_1:Functional:top_tb} -tclbatch {top_tb.tcl} -log {simulate.log}"
INFO: [USF-XSim-8] Loading simulator feature
Time resolution is 1 ps
source top_tb.tcl
# set curr_wave [current_wave_config]
# if { [string length $curr_wave] == 0 } {
#   if { [llength [get_objects]] > 0} {
#     add_wave /
#     set_property needs_save false [current_wave_config]
#   } else {
#      send_msg_id Add_Wave-1 WARNING "No top level signals found. Simulator will start without a wave window. If you want to open a wave window go to 'File->New Waveform Configuration' or type 'create_wave_config' in the TCL console."
#   }
# }
# run 1000ns
Warning: [ERROR] Reset no funciona correctamente
Time: 10 ns  Iteration: 0  Process: /top_tb/estimulos  File: C:/Users/sed/Desktop/VHDL 2/TrabajoExpendedora2/TrabajoExpendedora2.srcs/sim_1/new/top_tb.vhd
INFO: [USF-XSim-96] XSim completed. Design snapshot 'top_tb_behav' loaded.
INFO: [USF-XSim-97] XSim simulation ran for 1000ns
launch_simulation: Time (s): cpu = 00:00:05 ; elapsed = 00:00:09 . Memory (MB): peak = 2813.059 ; gain = 1.813
set_property -name {xsim.simulate.runtime} -value {20000ms} -objects [get_filesets sim_1]
WARNING: [filemgmt 56-199] Attempt to get parsing info during refresh. "On-the-fly" syntax checking information may be incorrect. [C:\Users\sed\Desktop\VHDL 2\TrabajoExpendedora2\TrabajoExpendedora2.srcs\sources_1\new\maquina.vhd:]
WARNING: [filemgmt 56-199] Attempt to get parsing info during refresh. "On-the-fly" syntax checking information may be incorrect. [C:\Users\sed\Desktop\VHDL 2\TrabajoExpendedora2\TrabajoExpendedora2.srcs\sources_1\new\Antirebotes.vhd:]
WARNING: [filemgmt 56-199] Attempt to get parsing info during refresh. "On-the-fly" syntax checking information may be incorrect. [C:\Users\sed\Desktop\VHDL 2\TrabajoExpendedora2\TrabajoExpendedora2.srcs\sources_1\new\IntroducirProducto.vhd:]
WARNING: [filemgmt 56-199] Attempt to get parsing info during refresh. "On-the-fly" syntax checking information may be incorrect. [C:\Users\sed\Desktop\VHDL 2\TrabajoExpendedora2\TrabajoExpendedora2.srcs\sources_1\new\sincronizador.vhd:]
WARNING: [filemgmt 56-199] Attempt to get parsing info during refresh. "On-the-fly" syntax checking information may be incorrect. [C:\Users\sed\Desktop\VHDL 2\TrabajoExpendedora2\TrabajoExpendedora2.srcs\sources_1\new\display.vhd:]
WARNING: [filemgmt 56-199] Attempt to get parsing info during refresh. "On-the-fly" syntax checking information may be incorrect. [C:\Users\sed\Desktop\VHDL 2\TrabajoExpendedora2\TrabajoExpendedora2.srcs\sources_1\new\top.vhd:]
WARNING: [filemgmt 56-199] Attempt to get parsing info during refresh. "On-the-fly" syntax checking information may be incorrect. [C:\Users\sed\Desktop\VHDL 2\TrabajoExpendedora2\TrabajoExpendedora2.srcs\sim_1\new\top_tb.vhd:]
WARNING: [filemgmt 56-199] Attempt to get parsing info during refresh. "On-the-fly" syntax checking information may be incorrect. [C:\Users\sed\Desktop\VHDL 2\TrabajoExpendedora2\TrabajoExpendedora2.srcs\sim_1\new\divisorReloj_tb.vhd:]
WARNING: [filemgmt 56-199] Attempt to get parsing info during refresh. "On-the-fly" syntax checking information may be incorrect. [C:\Users\sed\Desktop\VHDL 2\TrabajoExpendedora2\TrabajoExpendedora2.srcs\sources_1\new\mi_paquete.vhd:]
WARNING: [filemgmt 56-199] Attempt to get parsing info during refresh. "On-the-fly" syntax checking information may be incorrect. [C:\Users\sed\Desktop\VHDL 2\TrabajoExpendedora2\TrabajoExpendedora2.srcs\sources_1\new\fsm.vhd:]
WARNING: [filemgmt 56-199] Attempt to get parsing info during refresh. "On-the-fly" syntax checking information may be incorrect. [C:\Users\sed\Desktop\VHDL 2\TrabajoExpendedora2\TrabajoExpendedora2.srcs\sources_1\new\contarDinero.vhd:]
WARNING: [filemgmt 56-199] Attempt to get parsing info during refresh. "On-the-fly" syntax checking information may be incorrect. [C:\Users\sed\Desktop\VHDL 2\TrabajoExpendedora2\TrabajoExpendedora2.srcs\sources_1\new\edgeDetecteor.vhd:]
WARNING: [filemgmt 56-199] Attempt to get parsing info during refresh. "On-the-fly" syntax checking information may be incorrect. [C:\Users\sed\Desktop\VHDL 2\TrabajoExpendedora2\TrabajoExpendedora2.srcs\sources_1\new\temporizador.vhd:]
WARNING: [filemgmt 56-199] Attempt to get parsing info during refresh. "On-the-fly" syntax checking information may be incorrect. [C:\Users\sed\Desktop\VHDL 2\TrabajoExpendedora2\TrabajoExpendedora2.srcs\sources_1\new\maquina.vhd:]
WARNING: [filemgmt 56-199] Attempt to get parsing info during refresh. "On-the-fly" syntax checking information may be incorrect. [C:\Users\sed\Desktop\VHDL 2\TrabajoExpendedora2\TrabajoExpendedora2.srcs\sources_1\new\Antirebotes.vhd:]
WARNING: [filemgmt 56-199] Attempt to get parsing info during refresh. "On-the-fly" syntax checking information may be incorrect. [C:\Users\sed\Desktop\VHDL 2\TrabajoExpendedora2\TrabajoExpendedora2.srcs\sources_1\new\IntroducirProducto.vhd:]
WARNING: [filemgmt 56-199] Attempt to get parsing info during refresh. "On-the-fly" syntax checking information may be incorrect. [C:\Users\sed\Desktop\VHDL 2\TrabajoExpendedora2\TrabajoExpendedora2.srcs\sources_1\new\sincronizador.vhd:]
WARNING: [filemgmt 56-199] Attempt to get parsing info during refresh. "On-the-fly" syntax checking information may be incorrect. [C:\Users\sed\Desktop\VHDL 2\TrabajoExpendedora2\TrabajoExpendedora2.srcs\sources_1\new\display.vhd:]
WARNING: [filemgmt 56-199] Attempt to get parsing info during refresh. "On-the-fly" syntax checking information may be incorrect. [C:\Users\sed\Desktop\VHDL 2\TrabajoExpendedora2\TrabajoExpendedora2.srcs\sources_1\new\top.vhd:]
WARNING: [filemgmt 56-199] Attempt to get parsing info during refresh. "On-the-fly" syntax checking information may be incorrect. [C:\Users\sed\Desktop\VHDL 2\TrabajoExpendedora2\TrabajoExpendedora2.srcs\sim_1\new\top_tb.vhd:]
WARNING: [filemgmt 56-199] Attempt to get parsing info during refresh. "On-the-fly" syntax checking information may be incorrect. [C:\Users\sed\Desktop\VHDL 2\TrabajoExpendedora2\TrabajoExpendedora2.srcs\sim_1\new\divisorReloj_tb.vhd:]
WARNING: [filemgmt 56-199] Attempt to get parsing info during refresh. "On-the-fly" syntax checking information may be incorrect. [C:\Users\sed\Desktop\VHDL 2\TrabajoExpendedora2\TrabajoExpendedora2.srcs\sources_1\new\mi_paquete.vhd:]
WARNING: [filemgmt 56-199] Attempt to get parsing info during refresh. "On-the-fly" syntax checking information may be incorrect. [C:\Users\sed\Desktop\VHDL 2\TrabajoExpendedora2\TrabajoExpendedora2.srcs\sources_1\new\fsm.vhd:]
WARNING: [filemgmt 56-199] Attempt to get parsing info during refresh. "On-the-fly" syntax checking information may be incorrect. [C:\Users\sed\Desktop\VHDL 2\TrabajoExpendedora2\TrabajoExpendedora2.srcs\sources_1\new\contarDinero.vhd:]
WARNING: [filemgmt 56-199] Attempt to get parsing info during refresh. "On-the-fly" syntax checking information may be incorrect. [C:\Users\sed\Desktop\VHDL 2\TrabajoExpendedora2\TrabajoExpendedora2.srcs\sources_1\new\edgeDetecteor.vhd:]
WARNING: [filemgmt 56-199] Attempt to get parsing info during refresh. "On-the-fly" syntax checking information may be incorrect. [C:\Users\sed\Desktop\VHDL 2\TrabajoExpendedora2\TrabajoExpendedora2.srcs\sources_1\new\temporizador.vhd:]
WARNING: [filemgmt 56-199] Attempt to get parsing info during refresh. "On-the-fly" syntax checking information may be incorrect. [C:\Users\sed\Desktop\VHDL 2\TrabajoExpendedora2\TrabajoExpendedora2.srcs\sources_1\new\maquina.vhd:]
WARNING: [filemgmt 56-199] Attempt to get parsing info during refresh. "On-the-fly" syntax checking information may be incorrect. [C:\Users\sed\Desktop\VHDL 2\TrabajoExpendedora2\TrabajoExpendedora2.srcs\sources_1\new\Antirebotes.vhd:]
WARNING: [filemgmt 56-199] Attempt to get parsing info during refresh. "On-the-fly" syntax checking information may be incorrect. [C:\Users\sed\Desktop\VHDL 2\TrabajoExpendedora2\TrabajoExpendedora2.srcs\sources_1\new\IntroducirProducto.vhd:]
WARNING: [filemgmt 56-199] Attempt to get parsing info during refresh. "On-the-fly" syntax checking information may be incorrect. [C:\Users\sed\Desktop\VHDL 2\TrabajoExpendedora2\TrabajoExpendedora2.srcs\sources_1\new\sincronizador.vhd:]
WARNING: [filemgmt 56-199] Attempt to get parsing info during refresh. "On-the-fly" syntax checking information may be incorrect. [C:\Users\sed\Desktop\VHDL 2\TrabajoExpendedora2\TrabajoExpendedora2.srcs\sources_1\new\display.vhd:]
WARNING: [filemgmt 56-199] Attempt to get parsing info during refresh. "On-the-fly" syntax checking information may be incorrect. [C:\Users\sed\Desktop\VHDL 2\TrabajoExpendedora2\TrabajoExpendedora2.srcs\sources_1\new\top.vhd:]
WARNING: [filemgmt 56-199] Attempt to get parsing info during refresh. "On-the-fly" syntax checking information may be incorrect. [C:\Users\sed\Desktop\VHDL 2\TrabajoExpendedora2\TrabajoExpendedora2.srcs\sim_1\new\top_tb.vhd:]
WARNING: [filemgmt 56-199] Attempt to get parsing info during refresh. "On-the-fly" syntax checking information may be incorrect. [C:\Users\sed\Desktop\VHDL 2\TrabajoExpendedora2\TrabajoExpendedora2.srcs\sim_1\new\divisorReloj_tb.vhd:]
WARNING: [filemgmt 56-199] Attempt to get parsing info during refresh. "On-the-fly" syntax checking information may be incorrect. [C:\Users\sed\Desktop\VHDL 2\TrabajoExpendedora2\TrabajoExpendedora2.srcs\sources_1\new\mi_paquete.vhd:]
WARNING: [filemgmt 56-199] Attempt to get parsing info during refresh. "On-the-fly" syntax checking information may be incorrect. [C:\Users\sed\Desktop\VHDL 2\TrabajoExpendedora2\TrabajoExpendedora2.srcs\sources_1\new\fsm.vhd:]
WARNING: [filemgmt 56-199] Attempt to get parsing info during refresh. "On-the-fly" syntax checking information may be incorrect. [C:\Users\sed\Desktop\VHDL 2\TrabajoExpendedora2\TrabajoExpendedora2.srcs\sources_1\new\contarDinero.vhd:]
WARNING: [filemgmt 56-199] Attempt to get parsing info during refresh. "On-the-fly" syntax checking information may be incorrect. [C:\Users\sed\Desktop\VHDL 2\TrabajoExpendedora2\TrabajoExpendedora2.srcs\sources_1\new\edgeDetecteor.vhd:]
WARNING: [filemgmt 56-199] Attempt to get parsing info during refresh. "On-the-fly" syntax checking information may be incorrect. [C:\Users\sed\Desktop\VHDL 2\TrabajoExpendedora2\TrabajoExpendedora2.srcs\sources_1\new\temporizador.vhd:]
WARNING: [filemgmt 56-199] Attempt to get parsing info during refresh. "On-the-fly" syntax checking information may be incorrect. [C:\Users\sed\Desktop\VHDL 2\TrabajoExpendedora2\TrabajoExpendedora2.srcs\sources_1\new\maquina.vhd:]
WARNING: [filemgmt 56-199] Attempt to get parsing info during refresh. "On-the-fly" syntax checking information may be incorrect. [C:\Users\sed\Desktop\VHDL 2\TrabajoExpendedora2\TrabajoExpendedora2.srcs\sources_1\new\Antirebotes.vhd:]
WARNING: [filemgmt 56-199] Attempt to get parsing info during refresh. "On-the-fly" syntax checking information may be incorrect. [C:\Users\sed\Desktop\VHDL 2\TrabajoExpendedora2\TrabajoExpendedora2.srcs\sources_1\new\IntroducirProducto.vhd:]
WARNING: [filemgmt 56-199] Attempt to get parsing info during refresh. "On-the-fly" syntax checking information may be incorrect. [C:\Users\sed\Desktop\VHDL 2\TrabajoExpendedora2\TrabajoExpendedora2.srcs\sources_1\new\sincronizador.vhd:]
WARNING: [filemgmt 56-199] Attempt to get parsing info during refresh. "On-the-fly" syntax checking information may be incorrect. [C:\Users\sed\Desktop\VHDL 2\TrabajoExpendedora2\TrabajoExpendedora2.srcs\sources_1\new\display.vhd:]
WARNING: [filemgmt 56-199] Attempt to get parsing info during refresh. "On-the-fly" syntax checking information may be incorrect. [C:\Users\sed\Desktop\VHDL 2\TrabajoExpendedora2\TrabajoExpendedora2.srcs\sources_1\new\top.vhd:]
WARNING: [filemgmt 56-199] Attempt to get parsing info during refresh. "On-the-fly" syntax checking information may be incorrect. [C:\Users\sed\Desktop\VHDL 2\TrabajoExpendedora2\TrabajoExpendedora2.srcs\sim_1\new\top_tb.vhd:]
WARNING: [filemgmt 56-199] Attempt to get parsing info during refresh. "On-the-fly" syntax checking information may be incorrect. [C:\Users\sed\Desktop\VHDL 2\TrabajoExpendedora2\TrabajoExpendedora2.srcs\sim_1\new\divisorReloj_tb.vhd:]
WARNING: [filemgmt 56-199] Attempt to get parsing info during refresh. "On-the-fly" syntax checking information may be incorrect. [C:\Users\sed\Desktop\VHDL 2\TrabajoExpendedora2\TrabajoExpendedora2.srcs\sources_1\new\mi_paquete.vhd:]
WARNING: [filemgmt 56-199] Attempt to get parsing info during refresh. "On-the-fly" syntax checking information may be incorrect. [C:\Users\sed\Desktop\VHDL 2\TrabajoExpendedora2\TrabajoExpendedora2.srcs\sources_1\new\fsm.vhd:]
WARNING: [filemgmt 56-199] Attempt to get parsing info during refresh. "On-the-fly" syntax checking information may be incorrect. [C:\Users\sed\Desktop\VHDL 2\TrabajoExpendedora2\TrabajoExpendedora2.srcs\sources_1\new\contarDinero.vhd:]
WARNING: [filemgmt 56-199] Attempt to get parsing info during refresh. "On-the-fly" syntax checking information may be incorrect. [C:\Users\sed\Desktop\VHDL 2\TrabajoExpendedora2\TrabajoExpendedora2.srcs\sources_1\new\edgeDetecteor.vhd:]
WARNING: [filemgmt 56-199] Attempt to get parsing info during refresh. "On-the-fly" syntax checking information may be incorrect. [C:\Users\sed\Desktop\VHDL 2\TrabajoExpendedora2\TrabajoExpendedora2.srcs\sources_1\new\temporizador.vhd:]
WARNING: [filemgmt 56-199] Attempt to get parsing info during refresh. "On-the-fly" syntax checking information may be incorrect. [C:\Users\sed\Desktop\VHDL 2\TrabajoExpendedora2\TrabajoExpendedora2.srcs\sources_1\new\maquina.vhd:]
WARNING: [filemgmt 56-199] Attempt to get parsing info during refresh. "On-the-fly" syntax checking information may be incorrect. [C:\Users\sed\Desktop\VHDL 2\TrabajoExpendedora2\TrabajoExpendedora2.srcs\sources_1\new\Antirebotes.vhd:]
WARNING: [filemgmt 56-199] Attempt to get parsing info during refresh. "On-the-fly" syntax checking information may be incorrect. [C:\Users\sed\Desktop\VHDL 2\TrabajoExpendedora2\TrabajoExpendedora2.srcs\sources_1\new\IntroducirProducto.vhd:]
WARNING: [filemgmt 56-199] Attempt to get parsing info during refresh. "On-the-fly" syntax checking information may be incorrect. [C:\Users\sed\Desktop\VHDL 2\TrabajoExpendedora2\TrabajoExpendedora2.srcs\sources_1\new\sincronizador.vhd:]
WARNING: [filemgmt 56-199] Attempt to get parsing info during refresh. "On-the-fly" syntax checking information may be incorrect. [C:\Users\sed\Desktop\VHDL 2\TrabajoExpendedora2\TrabajoExpendedora2.srcs\sources_1\new\display.vhd:]
WARNING: [filemgmt 56-199] Attempt to get parsing info during refresh. "On-the-fly" syntax checking information may be incorrect. [C:\Users\sed\Desktop\VHDL 2\TrabajoExpendedora2\TrabajoExpendedora2.srcs\sources_1\new\top.vhd:]
WARNING: [filemgmt 56-199] Attempt to get parsing info during refresh. "On-the-fly" syntax checking information may be incorrect. [C:\Users\sed\Desktop\VHDL 2\TrabajoExpendedora2\TrabajoExpendedora2.srcs\sim_1\new\top_tb.vhd:]
WARNING: [filemgmt 56-199] Attempt to get parsing info during refresh. "On-the-fly" syntax checking information may be incorrect. [C:\Users\sed\Desktop\VHDL 2\TrabajoExpendedora2\TrabajoExpendedora2.srcs\sim_1\new\divisorReloj_tb.vhd:]
WARNING: [filemgmt 56-199] Attempt to get parsing info during refresh. "On-the-fly" syntax checking information may be incorrect. [C:\Users\sed\Desktop\VHDL 2\TrabajoExpendedora2\TrabajoExpendedora2.srcs\sources_1\new\mi_paquete.vhd:]
WARNING: [filemgmt 56-199] Attempt to get parsing info during refresh. "On-the-fly" syntax checking information may be incorrect. [C:\Users\sed\Desktop\VHDL 2\TrabajoExpendedora2\TrabajoExpendedora2.srcs\sources_1\new\fsm.vhd:]
WARNING: [filemgmt 56-199] Attempt to get parsing info during refresh. "On-the-fly" syntax checking information may be incorrect. [C:\Users\sed\Desktop\VHDL 2\TrabajoExpendedora2\TrabajoExpendedora2.srcs\sources_1\new\contarDinero.vhd:]
WARNING: [filemgmt 56-199] Attempt to get parsing info during refresh. "On-the-fly" syntax checking information may be incorrect. [C:\Users\sed\Desktop\VHDL 2\TrabajoExpendedora2\TrabajoExpendedora2.srcs\sources_1\new\edgeDetecteor.vhd:]
WARNING: [filemgmt 56-199] Attempt to get parsing info during refresh. "On-the-fly" syntax checking information may be incorrect. [C:\Users\sed\Desktop\VHDL 2\TrabajoExpendedora2\TrabajoExpendedora2.srcs\sources_1\new\temporizador.vhd:]
WARNING: [filemgmt 56-199] Attempt to get parsing info during refresh. "On-the-fly" syntax checking information may be incorrect. [C:\Users\sed\Desktop\VHDL 2\TrabajoExpendedora2\TrabajoExpendedora2.srcs\sources_1\new\maquina.vhd:]
WARNING: [filemgmt 56-199] Attempt to get parsing info during refresh. "On-the-fly" syntax checking information may be incorrect. [C:\Users\sed\Desktop\VHDL 2\TrabajoExpendedora2\TrabajoExpendedora2.srcs\sources_1\new\Antirebotes.vhd:]
WARNING: [filemgmt 56-199] Attempt to get parsing info during refresh. "On-the-fly" syntax checking information may be incorrect. [C:\Users\sed\Desktop\VHDL 2\TrabajoExpendedora2\TrabajoExpendedora2.srcs\sources_1\new\IntroducirProducto.vhd:]
WARNING: [filemgmt 56-199] Attempt to get parsing info during refresh. "On-the-fly" syntax checking information may be incorrect. [C:\Users\sed\Desktop\VHDL 2\TrabajoExpendedora2\TrabajoExpendedora2.srcs\sources_1\new\sincronizador.vhd:]
WARNING: [filemgmt 56-199] Attempt to get parsing info during refresh. "On-the-fly" syntax checking information may be incorrect. [C:\Users\sed\Desktop\VHDL 2\TrabajoExpendedora2\TrabajoExpendedora2.srcs\sources_1\new\display.vhd:]
WARNING: [filemgmt 56-199] Attempt to get parsing info during refresh. "On-the-fly" syntax checking information may be incorrect. [C:\Users\sed\Desktop\VHDL 2\TrabajoExpendedora2\TrabajoExpendedora2.srcs\sources_1\new\top.vhd:]
WARNING: [filemgmt 56-199] Attempt to get parsing info during refresh. "On-the-fly" syntax checking information may be incorrect. [C:\Users\sed\Desktop\VHDL 2\TrabajoExpendedora2\TrabajoExpendedora2.srcs\sim_1\new\top_tb.vhd:]
WARNING: [filemgmt 56-199] Attempt to get parsing info during refresh. "On-the-fly" syntax checking information may be incorrect. [C:\Users\sed\Desktop\VHDL 2\TrabajoExpendedora2\TrabajoExpendedora2.srcs\sim_1\new\divisorReloj_tb.vhd:]
WARNING: [filemgmt 56-199] Attempt to get parsing info during refresh. "On-the-fly" syntax checking information may be incorrect. [C:\Users\sed\Desktop\VHDL 2\TrabajoExpendedora2\TrabajoExpendedora2.srcs\sources_1\new\mi_paquete.vhd:]
WARNING: [filemgmt 56-199] Attempt to get parsing info during refresh. "On-the-fly" syntax checking information may be incorrect. [C:\Users\sed\Desktop\VHDL 2\TrabajoExpendedora2\TrabajoExpendedora2.srcs\sources_1\new\fsm.vhd:]
WARNING: [filemgmt 56-199] Attempt to get parsing info during refresh. "On-the-fly" syntax checking information may be incorrect. [C:\Users\sed\Desktop\VHDL 2\TrabajoExpendedora2\TrabajoExpendedora2.srcs\sources_1\new\contarDinero.vhd:]
WARNING: [filemgmt 56-199] Attempt to get parsing info during refresh. "On-the-fly" syntax checking information may be incorrect. [C:\Users\sed\Desktop\VHDL 2\TrabajoExpendedora2\TrabajoExpendedora2.srcs\sources_1\new\edgeDetecteor.vhd:]
WARNING: [filemgmt 56-199] Attempt to get parsing info during refresh. "On-the-fly" syntax checking information may be incorrect. [C:\Users\sed\Desktop\VHDL 2\TrabajoExpendedora2\TrabajoExpendedora2.srcs\sources_1\new\temporizador.vhd:]
WARNING: [filemgmt 56-199] Attempt to get parsing info during refresh. "On-the-fly" syntax checking information may be incorrect. [C:\Users\sed\Desktop\VHDL 2\TrabajoExpendedora2\TrabajoExpendedora2.srcs\sources_1\new\maquina.vhd:]
WARNING: [filemgmt 56-199] Attempt to get parsing info during refresh. "On-the-fly" syntax checking information may be incorrect. [C:\Users\sed\Desktop\VHDL 2\TrabajoExpendedora2\TrabajoExpendedora2.srcs\sources_1\new\Antirebotes.vhd:]
WARNING: [filemgmt 56-199] Attempt to get parsing info during refresh. "On-the-fly" syntax checking information may be incorrect. [C:\Users\sed\Desktop\VHDL 2\TrabajoExpendedora2\TrabajoExpendedora2.srcs\sources_1\new\IntroducirProducto.vhd:]
WARNING: [filemgmt 56-199] Attempt to get parsing info during refresh. "On-the-fly" syntax checking information may be incorrect. [C:\Users\sed\Desktop\VHDL 2\TrabajoExpendedora2\TrabajoExpendedora2.srcs\sources_1\new\sincronizador.vhd:]
WARNING: [filemgmt 56-199] Attempt to get parsing info during refresh. "On-the-fly" syntax checking information may be incorrect. [C:\Users\sed\Desktop\VHDL 2\TrabajoExpendedora2\TrabajoExpendedora2.srcs\sources_1\new\display.vhd:]
WARNING: [filemgmt 56-199] Attempt to get parsing info during refresh. "On-the-fly" syntax checking information may be incorrect. [C:\Users\sed\Desktop\VHDL 2\TrabajoExpendedora2\TrabajoExpendedora2.srcs\sources_1\new\top.vhd:]
WARNING: [filemgmt 56-199] Attempt to get parsing info during refresh. "On-the-fly" syntax checking information may be incorrect. [C:\Users\sed\Desktop\VHDL 2\TrabajoExpendedora2\TrabajoExpendedora2.srcs\sim_1\new\top_tb.vhd:]
WARNING: [filemgmt 56-199] Attempt to get parsing info during refresh. "On-the-fly" syntax checking information may be incorrect. [C:\Users\sed\Desktop\VHDL 2\TrabajoExpendedora2\TrabajoExpendedora2.srcs\sim_1\new\divisorReloj_tb.vhd:]
WARNING: [filemgmt 56-199] Attempt to get parsing info during refresh. "On-the-fly" syntax checking information may be incorrect. [C:\Users\sed\Desktop\VHDL 2\TrabajoExpendedora2\TrabajoExpendedora2.srcs\sources_1\new\mi_paquete.vhd:]
WARNING: [filemgmt 56-199] Attempt to get parsing info during refresh. "On-the-fly" syntax checking information may be incorrect. [C:\Users\sed\Desktop\VHDL 2\TrabajoExpendedora2\TrabajoExpendedora2.srcs\sources_1\new\fsm.vhd:]
WARNING: [filemgmt 56-199] Attempt to get parsing info during refresh. "On-the-fly" syntax checking information may be incorrect. [C:\Users\sed\Desktop\VHDL 2\TrabajoExpendedora2\TrabajoExpendedora2.srcs\sources_1\new\contarDinero.vhd:]
WARNING: [filemgmt 56-199] Attempt to get parsing info during refresh. "On-the-fly" syntax checking information may be incorrect. [C:\Users\sed\Desktop\VHDL 2\TrabajoExpendedora2\TrabajoExpendedora2.srcs\sources_1\new\edgeDetecteor.vhd:]
WARNING: [filemgmt 56-199] Attempt to get parsing info during refresh. "On-the-fly" syntax checking information may be incorrect. [C:\Users\sed\Desktop\VHDL 2\TrabajoExpendedora2\TrabajoExpendedora2.srcs\sources_1\new\temporizador.vhd:]
WARNING: [filemgmt 56-199] Attempt to get parsing info during refresh. "On-the-fly" syntax checking information may be incorrect. [C:\Users\sed\Desktop\VHDL 2\TrabajoExpendedora2\TrabajoExpendedora2.srcs\sources_1\new\maquina.vhd:]
WARNING: [filemgmt 56-199] Attempt to get parsing info during refresh. "On-the-fly" syntax checking information may be incorrect. [C:\Users\sed\Desktop\VHDL 2\TrabajoExpendedora2\TrabajoExpendedora2.srcs\sources_1\new\Antirebotes.vhd:]
WARNING: [filemgmt 56-199] Attempt to get parsing info during refresh. "On-the-fly" syntax checking information may be incorrect. [C:\Users\sed\Desktop\VHDL 2\TrabajoExpendedora2\TrabajoExpendedora2.srcs\sources_1\new\IntroducirProducto.vhd:]
WARNING: [filemgmt 56-199] Attempt to get parsing info during refresh. "On-the-fly" syntax checking information may be incorrect. [C:\Users\sed\Desktop\VHDL 2\TrabajoExpendedora2\TrabajoExpendedora2.srcs\sources_1\new\sincronizador.vhd:]
WARNING: [filemgmt 56-199] Attempt to get parsing info during refresh. "On-the-fly" syntax checking information may be incorrect. [C:\Users\sed\Desktop\VHDL 2\TrabajoExpendedora2\TrabajoExpendedora2.srcs\sources_1\new\display.vhd:]
WARNING: [filemgmt 56-199] Attempt to get parsing info during refresh. "On-the-fly" syntax checking information may be incorrect. [C:\Users\sed\Desktop\VHDL 2\TrabajoExpendedora2\TrabajoExpendedora2.srcs\sources_1\new\top.vhd:]
WARNING: [filemgmt 56-199] Attempt to get parsing info during refresh. "On-the-fly" syntax checking information may be incorrect. [C:\Users\sed\Desktop\VHDL 2\TrabajoExpendedora2\TrabajoExpendedora2.srcs\sim_1\new\top_tb.vhd:]
WARNING: [filemgmt 56-199] Attempt to get parsing info during refresh. "On-the-fly" syntax checking information may be incorrect. [C:\Users\sed\Desktop\VHDL 2\TrabajoExpendedora2\TrabajoExpendedora2.srcs\sim_1\new\divisorReloj_tb.vhd:]
WARNING: [filemgmt 56-199] Attempt to get parsing info during refresh. "On-the-fly" syntax checking information may be incorrect. [C:\Users\sed\Desktop\VHDL 2\TrabajoExpendedora2\TrabajoExpendedora2.srcs\sources_1\new\mi_paquete.vhd:]
INFO: [Common 17-14] Message 'filemgmt 56-199' appears 100 times and further instances of the messages will be disabled. Use the Tcl command set_msg_config to change the current settings.
ERROR: [Common 17-180] Spawn failed: No error
close_sim
INFO: [Simtcl 6-16] Simulation closed
launch_simulation
Command: launch_simulation 
INFO: [Vivado 12-12493] Simulation top is 'top_tb'
INFO: [Vivado 12-5682] Launching behavioral simulation in 'C:/Users/sed/Desktop/VHDL 2/TrabajoExpendedora2/TrabajoExpendedora2.sim/sim_1/behav/xsim'
INFO: [SIM-utils-51] Simulation object is 'sim_1'
INFO: [SIM-utils-72] Using boost library from 'C:/Xilinx/Vivado/2021.1/tps/boost_1_72_0'
INFO: [SIM-utils-54] Inspecting design source files for 'top_tb' in fileset 'sim_1'...
INFO: [USF-XSim-97] Finding global include files...
INFO: [USF-XSim-98] Fetching design files from 'sim_1'...
INFO: [USF-XSim-2] XSim::Compile design
INFO: [USF-XSim-61] Executing 'COMPILE and ANALYZE' step in 'C:/Users/sed/Desktop/VHDL 2/TrabajoExpendedora2/TrabajoExpendedora2.sim/sim_1/behav/xsim'
"xvhdl --incr --relax -prj top_tb_vhdl.prj"
INFO: [USF-XSim-69] 'compile' step finished in '2' seconds
INFO: [USF-XSim-3] XSim::Elaborate design
INFO: [USF-XSim-61] Executing 'ELABORATE' step in 'C:/Users/sed/Desktop/VHDL 2/TrabajoExpendedora2/TrabajoExpendedora2.sim/sim_1/behav/xsim'
"xelab -wto bbd13db989d740efba57ebb5fe22a1ba --incr --debug typical --relax --mt 2 -L xil_defaultlib -L secureip --snapshot top_tb_behav xil_defaultlib.top_tb -log elaborate.log"
Vivado Simulator v2021.1
Copyright 1986-1999, 2001-2021 Xilinx, Inc. All Rights Reserved.
Running: C:/Xilinx/Vivado/2021.1/bin/unwrapped/win64.o/xelab.exe -wto bbd13db989d740efba57ebb5fe22a1ba --incr --debug typical --relax --mt 2 -L xil_defaultlib -L secureip --snapshot top_tb_behav xil_defaultlib.top_tb -log elaborate.log 
Using 2 slave threads.
Starting static elaboration
Completed static elaboration
INFO: [XSIM 43-4323] No Change in HDL. Linking previously generated obj files to create kernel
INFO: [USF-XSim-69] 'elaborate' step finished in '2' seconds
INFO: [USF-XSim-4] XSim::Simulate design
INFO: [USF-XSim-61] Executing 'SIMULATE' step in 'C:/Users/sed/Desktop/VHDL 2/TrabajoExpendedora2/TrabajoExpendedora2.sim/sim_1/behav/xsim'
INFO: [USF-XSim-98] *** Running xsim
   with args "top_tb_behav -key {Behavioral:sim_1:Functional:top_tb} -tclbatch {top_tb.tcl} -log {simulate.log}"
INFO: [USF-XSim-8] Loading simulator feature
Time resolution is 1 ps
source top_tb.tcl
# set curr_wave [current_wave_config]
# if { [string length $curr_wave] == 0 } {
#   if { [llength [get_objects]] > 0} {
#     add_wave /
#     set_property needs_save false [current_wave_config]
#   } else {
#      send_msg_id Add_Wave-1 WARNING "No top level signals found. Simulator will start without a wave window. If you want to open a wave window go to 'File->New Waveform Configuration' or type 'create_wave_config' in the TCL console."
#   }
# }
# run 20000ms
Warning: [ERROR] Reset no funciona correctamente
Time: 10 ns  Iteration: 0  Process: /top_tb/estimulos  File: C:/Users/sed/Desktop/VHDL 2/TrabajoExpendedora2/TrabajoExpendedora2.srcs/sim_1/new/top_tb.vhd
INFO: [Common 17-41] Interrupt caught. Command should exit soon.
run: Time (s): cpu = 00:03:49 ; elapsed = 00:05:31 . Memory (MB): peak = 2820.070 ; gain = 0.473
INFO: [Common 17-344] 'run' was cancelled
INFO: [Common 17-344] 'source' was cancelled
xsim: Time (s): cpu = 00:03:55 ; elapsed = 00:05:35 . Memory (MB): peak = 2820.070 ; gain = 0.473
INFO: [Common 17-344] 'xsim' was cancelled
INFO: [Vivado 12-5357] 'simulate' step aborted
launch_simulation: Time (s): cpu = 00:03:56 ; elapsed = 00:05:40 . Memory (MB): peak = 2820.070 ; gain = 0.473
INFO: [Common 17-344] 'launch_simulation' was cancelled
close_sim
INFO: [Simtcl 6-16] Simulation closed
close_sim: Time (s): cpu = 00:00:05 ; elapsed = 00:00:05 . Memory (MB): peak = 2820.070 ; gain = 0.000
launch_simulation
Command: launch_simulation 
INFO: [Vivado 12-12493] Simulation top is 'top_tb'
INFO: [Vivado 12-5682] Launching behavioral simulation in 'C:/Users/sed/Desktop/VHDL 2/TrabajoExpendedora2/TrabajoExpendedora2.sim/sim_1/behav/xsim'
INFO: [SIM-utils-51] Simulation object is 'sim_1'
INFO: [SIM-utils-72] Using boost library from 'C:/Xilinx/Vivado/2021.1/tps/boost_1_72_0'
INFO: [SIM-utils-54] Inspecting design source files for 'top_tb' in fileset 'sim_1'...
INFO: [USF-XSim-97] Finding global include files...
INFO: [USF-XSim-98] Fetching design files from 'sim_1'...
INFO: [USF-XSim-2] XSim::Compile design
INFO: [USF-XSim-61] Executing 'COMPILE and ANALYZE' step in 'C:/Users/sed/Desktop/VHDL 2/TrabajoExpendedora2/TrabajoExpendedora2.sim/sim_1/behav/xsim'
"xvhdl --incr --relax -prj top_tb_vhdl.prj"
INFO: [USF-XSim-69] 'compile' step finished in '2' seconds
INFO: [USF-XSim-3] XSim::Elaborate design
INFO: [USF-XSim-61] Executing 'ELABORATE' step in 'C:/Users/sed/Desktop/VHDL 2/TrabajoExpendedora2/TrabajoExpendedora2.sim/sim_1/behav/xsim'
"xelab -wto bbd13db989d740efba57ebb5fe22a1ba --incr --debug typical --relax --mt 2 -L xil_defaultlib -L secureip --snapshot top_tb_behav xil_defaultlib.top_tb -log elaborate.log"
Vivado Simulator v2021.1
Copyright 1986-1999, 2001-2021 Xilinx, Inc. All Rights Reserved.
Running: C:/Xilinx/Vivado/2021.1/bin/unwrapped/win64.o/xelab.exe -wto bbd13db989d740efba57ebb5fe22a1ba --incr --debug typical --relax --mt 2 -L xil_defaultlib -L secureip --snapshot top_tb_behav xil_defaultlib.top_tb -log elaborate.log 
Using 2 slave threads.
Starting static elaboration
Completed static elaboration
INFO: [XSIM 43-4323] No Change in HDL. Linking previously generated obj files to create kernel
INFO: [USF-XSim-69] 'elaborate' step finished in '3' seconds
INFO: [USF-XSim-4] XSim::Simulate design
INFO: [USF-XSim-61] Executing 'SIMULATE' step in 'C:/Users/sed/Desktop/VHDL 2/TrabajoExpendedora2/TrabajoExpendedora2.sim/sim_1/behav/xsim'
INFO: [USF-XSim-98] *** Running xsim
   with args "top_tb_behav -key {Behavioral:sim_1:Functional:top_tb} -tclbatch {top_tb.tcl} -log {simulate.log}"
INFO: [USF-XSim-8] Loading simulator feature
Time resolution is 1 ps
source top_tb.tcl
# set curr_wave [current_wave_config]
# if { [string length $curr_wave] == 0 } {
#   if { [llength [get_objects]] > 0} {
#     add_wave /
#     set_property needs_save false [current_wave_config]
#   } else {
#      send_msg_id Add_Wave-1 WARNING "No top level signals found. Simulator will start without a wave window. If you want to open a wave window go to 'File->New Waveform Configuration' or type 'create_wave_config' in the TCL console."
#   }
# }
# run 20000ms
Warning: [ERROR] Reset no funciona correctamente
Time: 10 ns  Iteration: 0  Process: /top_tb/estimulos  File: C:/Users/sed/Desktop/VHDL 2/TrabajoExpendedora2/TrabajoExpendedora2.srcs/sim_1/new/top_tb.vhd
INFO: [Common 17-41] Interrupt caught. Command should exit soon.
run: Time (s): cpu = 00:00:32 ; elapsed = 00:00:33 . Memory (MB): peak = 2822.340 ; gain = 0.203
INFO: [Common 17-344] 'run' was cancelled
INFO: [Common 17-344] 'source' was cancelled
xsim: Time (s): cpu = 00:00:37 ; elapsed = 00:00:37 . Memory (MB): peak = 2822.340 ; gain = 2.270
INFO: [Common 17-344] 'xsim' was cancelled
INFO: [Vivado 12-5357] 'simulate' step aborted
launch_simulation: Time (s): cpu = 00:00:37 ; elapsed = 00:00:42 . Memory (MB): peak = 2822.340 ; gain = 2.270
INFO: [Common 17-344] 'launch_simulation' was cancelled
set_property top divisorReloj_tb [get_filesets sim_1]
set_property top_lib xil_defaultlib [get_filesets sim_1]
update_compile_order -fileset sim_1
set_property top temporizador [current_fileset]
set_property top_lib xil_defaultlib [current_fileset]
set_property top_arch Behavioral [current_fileset]
set_property top_file {C:/Users/sed/Desktop/VHDL 2/TrabajoExpendedora2/TrabajoExpendedora2.srcs/sources_1/new/temporizador.vhd} [current_fileset]
update_compile_order -fileset sources_1
launch_simulation
Command: launch_simulation 
INFO: [Vivado 12-12493] Simulation top is 'divisorReloj_tb'
boost::filesystem::remove: El proceso no tiene acceso al archivo porque est siendo utilizado por otro proceso: "C:/Users/sed/Desktop/VHDL 2/TrabajoExpendedora2/TrabajoExpendedora2.sim/sim_1/behav/xsim/simulate.log"
close_sim
INFO: [Simtcl 6-16] Simulation closed
close_sim: Time (s): cpu = 00:00:07 ; elapsed = 00:00:06 . Memory (MB): peak = 2822.340 ; gain = 0.000
launch_simulation
Command: launch_simulation 
INFO: [Vivado 12-12493] Simulation top is 'divisorReloj_tb'
INFO: [Vivado 12-5682] Launching behavioral simulation in 'C:/Users/sed/Desktop/VHDL 2/TrabajoExpendedora2/TrabajoExpendedora2.sim/sim_1/behav/xsim'
INFO: [SIM-utils-51] Simulation object is 'sim_1'
INFO: [SIM-utils-72] Using boost library from 'C:/Xilinx/Vivado/2021.1/tps/boost_1_72_0'
INFO: [SIM-utils-54] Inspecting design source files for 'divisorReloj_tb' in fileset 'sim_1'...
INFO: [USF-XSim-97] Finding global include files...
INFO: [USF-XSim-98] Fetching design files from 'sim_1'...
INFO: [USF-XSim-2] XSim::Compile design
INFO: [USF-XSim-61] Executing 'COMPILE and ANALYZE' step in 'C:/Users/sed/Desktop/VHDL 2/TrabajoExpendedora2/TrabajoExpendedora2.sim/sim_1/behav/xsim'
"xvhdl --incr --relax -prj divisorReloj_tb_vhdl.prj"
INFO: [VRFC 10-163] Analyzing VHDL file "C:/Users/sed/Desktop/VHDL 2/TrabajoExpendedora2/TrabajoExpendedora2.srcs/sim_1/new/divisorReloj_tb.vhd" into library xil_defaultlib
INFO: [VRFC 10-3107] analyzing entity 'divisorReloj_tb'
INFO: [USF-XSim-69] 'compile' step finished in '2' seconds
INFO: [USF-XSim-3] XSim::Elaborate design
INFO: [USF-XSim-61] Executing 'ELABORATE' step in 'C:/Users/sed/Desktop/VHDL 2/TrabajoExpendedora2/TrabajoExpendedora2.sim/sim_1/behav/xsim'
"xelab -wto bbd13db989d740efba57ebb5fe22a1ba --incr --debug typical --relax --mt 2 -L xil_defaultlib -L secureip --snapshot divisorReloj_tb_behav xil_defaultlib.divisorReloj_tb -log elaborate.log"
Vivado Simulator v2021.1
Copyright 1986-1999, 2001-2021 Xilinx, Inc. All Rights Reserved.
Running: C:/Xilinx/Vivado/2021.1/bin/unwrapped/win64.o/xelab.exe -wto bbd13db989d740efba57ebb5fe22a1ba --incr --debug typical --relax --mt 2 -L xil_defaultlib -L secureip --snapshot divisorReloj_tb_behav xil_defaultlib.divisorReloj_tb -log elaborate.log 
Using 2 slave threads.
Starting static elaboration
Completed static elaboration
Starting simulation data flow analysis
Completed simulation data flow analysis
Time Resolution for simulation is 1ps
Compiling package std.standard
Compiling package std.textio
Compiling package ieee.std_logic_1164
Compiling architecture behavioral of entity xil_defaultlib.temporizador [\temporizador(modulo=50000000)\]
Compiling architecture behavior of entity xil_defaultlib.divisorreloj_tb
Built simulation snapshot divisorReloj_tb_behav

****** Webtalk v2021.1 (64-bit)
  **** SW Build 3247384 on Thu Jun 10 19:36:33 MDT 2021
  **** IP Build 3246043 on Fri Jun 11 00:30:35 MDT 2021
    ** Copyright 1986-2021 Xilinx, Inc. All Rights Reserved.

source C:/Users/sed/Desktop/VHDL -notrace
invalid command name "%"
    while executing
"% Total    % Received % Xferd  Average Speed   Time    Time     Time  Current"
    (file "C:/Users/sed/Desktop/VHDL" line 1)
INFO: [Common 17-206] Exiting Webtalk at Fri Jan 14 10:58:34 2022...
INFO: [USF-XSim-69] 'elaborate' step finished in '5' seconds
INFO: [USF-XSim-4] XSim::Simulate design
INFO: [USF-XSim-61] Executing 'SIMULATE' step in 'C:/Users/sed/Desktop/VHDL 2/TrabajoExpendedora2/TrabajoExpendedora2.sim/sim_1/behav/xsim'
INFO: [USF-XSim-98] *** Running xsim
   with args "divisorReloj_tb_behav -key {Behavioral:sim_1:Functional:divisorReloj_tb} -tclbatch {divisorReloj_tb.tcl} -log {simulate.log}"
INFO: [USF-XSim-8] Loading simulator feature
Time resolution is 1 ps
source divisorReloj_tb.tcl
# set curr_wave [current_wave_config]
# if { [string length $curr_wave] == 0 } {
#   if { [llength [get_objects]] > 0} {
#     add_wave /
#     set_property needs_save false [current_wave_config]
#   } else {
#      send_msg_id Add_Wave-1 WARNING "No top level signals found. Simulator will start without a wave window. If you want to open a wave window go to 'File->New Waveform Configuration' or type 'create_wave_config' in the TCL console."
#   }
# }
# run 20000ms
INFO: [Common 17-41] Interrupt caught. Command should exit soon.
run: Time (s): cpu = 00:03:10 ; elapsed = 00:02:50 . Memory (MB): peak = 3030.953 ; gain = 153.973
INFO: [Common 17-344] 'run' was cancelled
INFO: [Common 17-344] 'source' was cancelled
xsim: Time (s): cpu = 00:03:15 ; elapsed = 00:02:54 . Memory (MB): peak = 3030.953 ; gain = 174.129
INFO: [Common 17-344] 'xsim' was cancelled
INFO: [Vivado 12-5357] 'simulate' step aborted
launch_simulation: Time (s): cpu = 00:03:15 ; elapsed = 00:03:01 . Memory (MB): peak = 3030.953 ; gain = 174.203
INFO: [Common 17-344] 'launch_simulation' was cancelled
close_sim
INFO: [Simtcl 6-16] Simulation closed
close_sim: Time (s): cpu = 00:00:04 ; elapsed = 00:00:07 . Memory (MB): peak = 3030.953 ; gain = 0.000
exit
INFO: [Common 17-206] Exiting Vivado at Fri Jan 14 11:01:40 2022...
