#-----------------------------------------------------------
# Vivado v2021.1 (64-bit)
# SW Build 3247384 on Thu Jun 10 19:36:33 MDT 2021
# IP Build 3246043 on Fri Jun 11 00:30:35 MDT 2021
# Start of session at: Sun Jan 16 22:04:27 2022
# Process ID: 24216
# Current directory: D:/TRABAJOS SED/GitHub/Trabajo-VHDL/Maquina_Expendedora_2
# Command line: vivado.exe -gui_launcher_event rodinguilauncherevent23964 D:\TRABAJOS SED\GitHub\Trabajo-VHDL\Maquina_Expendedora_2\TrabajoExpendedora2.xpr
# Log file: D:/TRABAJOS SED/GitHub/Trabajo-VHDL/Maquina_Expendedora_2/vivado.log
# Journal file: D:/TRABAJOS SED/GitHub/Trabajo-VHDL/Maquina_Expendedora_2\vivado.jou
#-----------------------------------------------------------
start_gui
open_project {D:/TRABAJOS SED/GitHub/Trabajo-VHDL/Maquina_Expendedora_2/TrabajoExpendedora2.xpr}
INFO: [Project 1-313] Project file moved from 'C:/Users/julio/OneDrive/Documents/GitHub/Trabajo-VHDL/Maquina_Expendedora_2' since last save.
WARNING: [filemgmt 56-2] Default IP Output Path : Could not find the directory 'D:/TRABAJOS SED/GitHub/Trabajo-VHDL/Maquina_Expendedora_2/TrabajoExpendedora2.gen/sources_1', nor could it be found using path 'C:/Users/julio/OneDrive/Documents/GitHub/Trabajo-VHDL/Maquina_Expendedora_2/TrabajoExpendedora2.gen/sources_1'.
Scanning sources...
Finished scanning sources
WARNING: [Project 1-231] Project 'TrabajoExpendedora2.xpr' was created with a future version and may or may not perform reliably with this version of Vivado. It has been opened in read-only mode for the protection of unrecognized data. Use 'File | Save Project As...' if you wish to alter a copy of the project.
INFO: [IP_Flow 19-234] Refreshing IP repositories
INFO: [IP_Flow 19-1704] No user IP repositories specified
INFO: [IP_Flow 19-2313] Loaded Vivado IP repository 'D:/Vivaldi/Vivado/2021.1/data/ip'.
open_project: Time (s): cpu = 00:00:19 ; elapsed = 00:00:39 . Memory (MB): peak = 1119.000 ; gain = 0.000
update_compile_order -fileset sources_1
exit
INFO: [Common 17-206] Exiting Vivado at Sun Jan 16 22:11:08 2022...
