#-----------------------------------------------------------
# Vivado v2021.1 (64-bit)
# SW Build 3247384 on Thu Jun 10 19:36:33 MDT 2021
# IP Build 3246043 on Fri Jun 11 00:30:35 MDT 2021
# Start of session at: Sat Nov 27 13:30:14 2021
# Process ID: 19232
# Current directory: D:/TRABAJOS SED/GitHub/Trabajo-VHDL/Maquina_Expendedora
# Command line: vivado.exe -gui_launcher_event rodinguilauncherevent4796 D:\TRABAJOS SED\GitHub\Trabajo-VHDL\Maquina_Expendedora\Maquina_Expendedora.xpr
# Log file: D:/TRABAJOS SED/GitHub/Trabajo-VHDL/Maquina_Expendedora/vivado.log
# Journal file: D:/TRABAJOS SED/GitHub/Trabajo-VHDL/Maquina_Expendedora\vivado.jou
#-----------------------------------------------------------
start_gui
open_project {D:/TRABAJOS SED/GitHub/Trabajo-VHDL/Maquina_Expendedora/Maquina_Expendedora.xpr}
WARNING: [filemgmt 56-3] Default IP Output Path : Could not find the directory 'D:/TRABAJOS SED/GitHub/Trabajo-VHDL/Maquina_Expendedora/Maquina_Expendedora.gen/sources_1'.
CRITICAL WARNING: [Project 1-19] Could not find the file 'D:/TRABAJOS SED/GitHub/Trabajo-VHDL/Maquina_Expendedora/Maquina_Expendedora.srcs/sources_1/new/MaquinaEstados.vhd'.
CRITICAL WARNING: [Project 1-19] Could not find the file 'D:/TRABAJOS SED/GitHub/Trabajo-VHDL/Maquina_Expendedora/Maquina_Expendedora.srcs/sim_1/new/top_tb.vhd'.
Scanning sources...
Finished scanning sources
INFO: [IP_Flow 19-234] Refreshing IP repositories
INFO: [IP_Flow 19-1704] No user IP repositories specified
INFO: [IP_Flow 19-2313] Loaded Vivado IP repository 'D:/Vivaldi/Vivado/2021.1/data/ip'.
open_project: Time (s): cpu = 00:00:15 ; elapsed = 00:00:06 . Memory (MB): peak = 1134.023 ; gain = 0.000
update_compile_order -fileset sim_1
update_compile_order -fileset sources_1
update_files -from_files {{D:/TRABAJOS SED/GitHub/Trabajo-VHDL/Maquina_Expendedora/Maquina_Expendedora.srcs/sources_1/new/fsm.vhd}} -to_files {{D:/TRABAJOS SED/GitHub/Trabajo-VHDL/Maquina_Expendedora/Maquina_Expendedora.srcs/sources_1/new/MaquinaEstados.vhd}} -filesets [get_filesets *]
INFO: [filemgmt 20-762] Replacing file 'D:/TRABAJOS SED/GitHub/Trabajo-VHDL/Maquina_Expendedora/Maquina_Expendedora.srcs/sources_1/new/MaquinaEstados.vhd' with file 'D:/TRABAJOS SED/GitHub/Trabajo-VHDL/Maquina_Expendedora/Maquina_Expendedora.srcs/sources_1/new/fsm.vhd'.
update_files -from_files {{D:/TRABAJOS SED/GitHub/Trabajo-VHDL/Maquina_Expendedora/Maquina_Expendedora.srcs/sim_1/new/fsm_tb.vhd}} -to_files {{D:/TRABAJOS SED/GitHub/Trabajo-VHDL/Maquina_Expendedora/Maquina_Expendedora.srcs/sim_1/new/top_tb.vhd}} -filesets [get_filesets *]
INFO: [filemgmt 20-762] Replacing file 'D:/TRABAJOS SED/GitHub/Trabajo-VHDL/Maquina_Expendedora/Maquina_Expendedora.srcs/sim_1/new/top_tb.vhd' with file 'D:/TRABAJOS SED/GitHub/Trabajo-VHDL/Maquina_Expendedora/Maquina_Expendedora.srcs/sim_1/new/fsm_tb.vhd'.
update_compile_order -fileset sim_1
exit
INFO: [Common 17-206] Exiting Vivado at Sat Nov 27 13:41:54 2021...
