#-----------------------------------------------------------
# Vivado v2021.1 (64-bit)
# SW Build 3247384 on Thu Jun 10 19:36:33 MDT 2021
# IP Build 3246043 on Fri Jun 11 00:30:35 MDT 2021
# Start of session at: Thu Dec 30 19:43:27 2021
# Process ID: 12992
# Current directory: D:/TRABAJOS SED/GitHub/Trabajo-VHDL/Maquina_Expendedora
# Command line: vivado.exe -gui_launcher_event rodinguilauncherevent21180 D:\TRABAJOS SED\GitHub\Trabajo-VHDL\Maquina_Expendedora\Maquina_Expendedora.xpr
# Log file: D:/TRABAJOS SED/GitHub/Trabajo-VHDL/Maquina_Expendedora/vivado.log
# Journal file: D:/TRABAJOS SED/GitHub/Trabajo-VHDL/Maquina_Expendedora\vivado.jou
#-----------------------------------------------------------
start_gui
open_project {D:/TRABAJOS SED/GitHub/Trabajo-VHDL/Maquina_Expendedora/Maquina_Expendedora.xpr}
WARNING: [filemgmt 56-3] Default IP Output Path : Could not find the directory 'D:/TRABAJOS SED/GitHub/Trabajo-VHDL/Maquina_Expendedora/Maquina_Expendedora.gen/sources_1'.
Scanning sources...
Finished scanning sources
INFO: [IP_Flow 19-234] Refreshing IP repositories
INFO: [IP_Flow 19-1704] No user IP repositories specified
INFO: [IP_Flow 19-2313] Loaded Vivado IP repository 'D:/Vivaldi/Vivado/2021.1/data/ip'.
open_project: Time (s): cpu = 00:00:15 ; elapsed = 00:00:06 . Memory (MB): peak = 1136.902 ; gain = 0.000
update_compile_order -fileset sources_1
add_files -norecurse {{D:/TRABAJOS SED/GitHub/Trabajo-VHDL/Maquina_Expendedora/Maquina_Expendedora.srcs/sources_1/new/contarDinero.vhd}}
update_compile_order -fileset sources_1
add_files -norecurse {{D:/TRABAJOS SED/GitHub/Trabajo-VHDL/Maquina_Expendedora/Maquina_Expendedora.srcs/sources_1/new/display.vhd}}
WARNING: [filemgmt 56-12] File 'D:/TRABAJOS SED/GitHub/Trabajo-VHDL/Maquina_Expendedora/Maquina_Expendedora.srcs/sources_1/new/display.vhd' cannot be added to the project because it already exists in the project, skipping this file
exit
INFO: [Common 17-206] Exiting Vivado at Thu Dec 30 20:00:07 2021...
