#-----------------------------------------------------------
# Vivado v2021.1 (64-bit)
# SW Build 3247384 on Thu Jun 10 19:36:33 MDT 2021
# IP Build 3246043 on Fri Jun 11 00:30:35 MDT 2021
# Start of session at: Tue Jan  4 09:34:14 2022
# Process ID: 856
# Current directory: D:/TRABAJOS SED/GitHub/Trabajo-VHDL/Maquina_Expendedora
# Command line: vivado.exe -gui_launcher_event rodinguilauncherevent13608 D:\TRABAJOS SED\GitHub\Trabajo-VHDL\Maquina_Expendedora\Maquina_Expendedora.xpr
# Log file: D:/TRABAJOS SED/GitHub/Trabajo-VHDL/Maquina_Expendedora/vivado.log
# Journal file: D:/TRABAJOS SED/GitHub/Trabajo-VHDL/Maquina_Expendedora\vivado.jou
#-----------------------------------------------------------
start_gui
open_project {D:/TRABAJOS SED/GitHub/Trabajo-VHDL/Maquina_Expendedora/Maquina_Expendedora.xpr}
WARNING: [filemgmt 56-3] Default IP Output Path : Could not find the directory 'D:/TRABAJOS SED/GitHub/Trabajo-VHDL/Maquina_Expendedora/Maquina_Expendedora.gen/sources_1'.
Scanning sources...
Finished scanning sources
INFO: [IP_Flow 19-234] Refreshing IP repositories
INFO: [IP_Flow 19-1704] No user IP repositories specified
INFO: [IP_Flow 19-2313] Loaded Vivado IP repository 'D:/Vivaldi/Vivado/2021.1/data/ip'.
open_project: Time (s): cpu = 00:00:16 ; elapsed = 00:00:07 . Memory (MB): peak = 1135.227 ; gain = 0.000
update_compile_order -fileset sources_1
update_compile_order -fileset sources_1
update_compile_order -fileset sources_1
update_compile_order -fileset sources_1
export_ip_user_files -of_objects  [get_files {{D:/TRABAJOS SED/GitHub/Trabajo-VHDL/Maquina_Expendedora/Maquina_Expendedora.srcs/sources_1/new/display.vhd}}] -no_script -reset -force -quiet
remove_files  {{D:/TRABAJOS SED/GitHub/Trabajo-VHDL/Maquina_Expendedora/Maquina_Expendedora.srcs/sources_1/new/display.vhd}}
add_files -norecurse {{D:/TRABAJOS SED/GitHub/Trabajo-VHDL/Maquina_Expendedora/Maquina_Expendedora.srcs/sources_1/new/display.vhd}}
update_compile_order -fileset sources_1
update_compile_order -fileset sources_1
exit
INFO: [Common 17-206] Exiting Vivado at Tue Jan  4 10:04:39 2022...
