Copyright 1986-2021 Xilinx, Inc. All Rights Reserved.
---------------------------------------------------------------------------------------------------
| Tool Version : Vivado v.2021.1 (win64) Build 3247384 Thu Jun 10 19:36:33 MDT 2021
| Date         : Tue Jan 18 00:58:35 2022
| Host         : DESKTOP-RQRD0QL running 64-bit major release  (build 9200)
| Command      : report_drc -file top_drc_routed.rpt -pb top_drc_routed.pb -rpx top_drc_routed.rpx
| Design       : top
| Device       : xc7a100tcsg324-1
| Speed File   : -1
| Design State : Fully Routed
---------------------------------------------------------------------------------------------------

Report DRC

Table of Contents
-----------------
1. REPORT SUMMARY
2. REPORT DETAILS

1. REPORT SUMMARY
-----------------
            Netlist: netlist
          Floorplan: design_1
      Design limits: <entire design considered>
           Ruledeck: default
             Max violations: <unlimited>
             Violations found: 6
+-------------+----------+-------------------------------------------------------------+------------+
| Rule        | Severity | Description                                                 | Violations |
+-------------+----------+-------------------------------------------------------------+------------+
| CFGBVS-1    | Warning  | Missing CFGBVS and CONFIG_VOLTAGE Design Properties         | 1          |
| PDRC-153    | Warning  | Gated clock check                                           | 3          |
| PLHOLDVIO-2 | Warning  | Non-Optimal connections which could lead to hold violations | 2          |
+-------------+----------+-------------------------------------------------------------+------------+

2. REPORT DETAILS
-----------------
CFGBVS-1#1 Warning
Missing CFGBVS and CONFIG_VOLTAGE Design Properties  
Neither the CFGBVS nor CONFIG_VOLTAGE voltage property is set in the current_design.  Configuration bank voltage select (CFGBVS) must be set to VCCO or GND, and CONFIG_VOLTAGE must be set to the correct configuration voltage, in order to determine the I/O voltage support for the pins in bank 0.  It is suggested to specify these either using the 'Edit Device Properties' function in the GUI or directly in the XDC file using the following syntax:

 set_property CFGBVS value1 [current_design]
 #where value1 is either VCCO or GND

 set_property CONFIG_VOLTAGE value2 [current_design]
 #where value2 is the voltage provided to configuration bank 0

Refer to the device configuration user guide for more information.
Related violations: <none>

PDRC-153#1 Warning
Gated clock check  
Net clk2HZ/CLK is a gated clock net sourced by a combinational pin clk2HZ/count[2]_i_2/O, cell clk2HZ/count[2]_i_2. This is not good design practice and will likely impact performance. For SLICE registers, for example, use the CE pin to control the loading of data.
Related violations: <none>

PDRC-153#2 Warning
Gated clock check  
Net introducirProducto_c/comprobacion_ok_reg_i_1_n_0 is a gated clock net sourced by a combinational pin introducirProducto_c/comprobacion_ok_reg_i_1/O, cell introducirProducto_c/comprobacion_ok_reg_i_1. This is not good design practice and will likely impact performance. For SLICE registers, for example, use the CE pin to control the loading of data.
Related violations: <none>

PDRC-153#3 Warning
Gated clock check  
Net segmentDriver_c/clock10kHz/contado is a gated clock net sourced by a combinational pin segmentDriver_c/clock10kHz/seleccion_display[2]_i_2/O, cell segmentDriver_c/clock10kHz/seleccion_display[2]_i_2. This is not good design practice and will likely impact performance. For SLICE registers, for example, use the CE pin to control the loading of data.
Related violations: <none>

PLHOLDVIO-2#1 Warning
Non-Optimal connections which could lead to hold violations  
A LUT clk2HZ/count[2]_i_2 is driving clock pin of 7 cells. This could lead to large hold time violations. Involved cells are:
maquina_c/temporizador2segundos/count_reg[0],
maquina_c/temporizador2segundos/count_reg[1],
maquina_c/temporizador2segundos/count_reg[2],
maquina_c/temporizador4segundos/count_reg[0],
maquina_c/temporizador4segundos/count_reg[1],
maquina_c/temporizador4segundos/count_reg[2]
maquina_c/temporizador4segundos/count_reg[3]
Related violations: <none>

PLHOLDVIO-2#2 Warning
Non-Optimal connections which could lead to hold violations  
A LUT segmentDriver_c/clock10kHz/seleccion_display[2]_i_2 is driving clock pin of 13 cells. This could lead to large hold time violations. Involved cells are:
segmentDriver_c/punto_reg, segmentDriver_c/seleccion_display_reg[0],
segmentDriver_c/seleccion_display_reg[1],
segmentDriver_c/seleccion_display_reg[2], segmentDriver_c/select_SW1_reg,
segmentDriver_c/select_SW2_reg, segmentDriver_c/select_centenas_reg,
segmentDriver_c/select_decenas_reg, segmentDriver_c/select_unidades_reg,
segmentDriver_c/temperary_data_reg[0],
segmentDriver_c/temperary_data_reg[1],
segmentDriver_c/temperary_data_reg[2]
segmentDriver_c/temperary_data_reg[3]
Related violations: <none>


